CRITICAL - 2021-07-07 08:01:34 --> Expired token
#0 Z:\private\simarlin\api\vendor\appkita\phpauth\src\Type\Token.php(43): Firebase\JWT\JWT::decode('eyJ0eXAiOiJKV1Q...', '1klso1LMWnLKLQP...', Array)
#1 Z:\private\simarlin\api\vendor\appkita\phpauth\src\Authentication.php(49): Appkita\PHPAuth\Type\Token->decode(Object(Closure), Array)
#2 Z:\private\simarlin\api\app\Restfull\BaseController.php(182): Appkita\PHPAuth\Authentication->auth('\\Appkita\\PHPAut...', Object(Closure), Array)
#3 Z:\private\simarlin\api\app\Restfull\BaseController.php(302): Appkita\CI4Restfull\BaseController->cekAuthType('token')
#4 Z:\private\simarlin\api\app\Restfull\BaseController.php(60): Appkita\CI4Restfull\BaseController->authentication(Array)
#5 Z:\private\simarlin\api\vendor\codeigniter4\framework\system\CodeIgniter.php(901): Appkita\CI4Restfull\BaseController->initController(Object(CodeIgniter\HTTP\IncomingRequest), Object(CodeIgniter\HTTP\Response), Object(CodeIgniter\Log\Logger))
#6 Z:\private\simarlin\api\vendor\codeigniter4\framework\system\CodeIgniter.php(426): CodeIgniter\CodeIgniter->createController()
#7 Z:\private\simarlin\api\vendor\codeigniter4\framework\system\CodeIgniter.php(336): CodeIgniter\CodeIgniter->handleRequest(NULL, Object(Config\Cache), false)
#8 Z:\private\simarlin\api\public\index.php(46): CodeIgniter\CodeIgniter->run()
#9 Z:\private\simarlin\api\vendor\codeigniter4\framework\system\Commands\Server\rewrite.php(45): require_once('Z:\\private\\sima...')
#10 {main}
CRITICAL - 2021-07-07 08:07:49 --> Wrong number of segments
#0 Z:\private\simarlin\api\vendor\appkita\phpauth\src\Type\Token.php(43): Firebase\JWT\JWT::decode('[object', '1klso1LMWnLKLQP...', Array)
#1 Z:\private\simarlin\api\vendor\appkita\phpauth\src\Authentication.php(49): Appkita\PHPAuth\Type\Token->decode(Object(Closure), Array)
#2 Z:\private\simarlin\api\app\Restfull\BaseController.php(182): Appkita\PHPAuth\Authentication->auth('\\Appkita\\PHPAut...', Object(Closure), Array)
#3 Z:\private\simarlin\api\app\Restfull\BaseController.php(302): Appkita\CI4Restfull\BaseController->cekAuthType('token')
#4 Z:\private\simarlin\api\app\Restfull\BaseController.php(60): Appkita\CI4Restfull\BaseController->authentication(Array)
#5 Z:\private\simarlin\api\vendor\codeigniter4\framework\system\CodeIgniter.php(901): Appkita\CI4Restfull\BaseController->initController(Object(CodeIgniter\HTTP\IncomingRequest), Object(CodeIgniter\HTTP\Response), Object(CodeIgniter\Log\Logger))
#6 Z:\private\simarlin\api\vendor\codeigniter4\framework\system\CodeIgniter.php(426): CodeIgniter\CodeIgniter->createController()
#7 Z:\private\simarlin\api\vendor\codeigniter4\framework\system\CodeIgniter.php(336): CodeIgniter\CodeIgniter->handleRequest(NULL, Object(Config\Cache), false)
#8 Z:\private\simarlin\api\public\index.php(46): CodeIgniter\CodeIgniter->run()
#9 Z:\private\simarlin\api\vendor\codeigniter4\framework\system\Commands\Server\rewrite.php(45): require_once('Z:\\private\\sima...')
#10 {main}
CRITICAL - 2021-07-07 08:08:07 --> Wrong number of segments
#0 Z:\private\simarlin\api\vendor\appkita\phpauth\src\Type\Token.php(43): Firebase\JWT\JWT::decode('[object', '1klso1LMWnLKLQP...', Array)
#1 Z:\private\simarlin\api\vendor\appkita\phpauth\src\Authentication.php(49): Appkita\PHPAuth\Type\Token->decode(Object(Closure), Array)
#2 Z:\private\simarlin\api\app\Restfull\BaseController.php(182): Appkita\PHPAuth\Authentication->auth('\\Appkita\\PHPAut...', Object(Closure), Array)
#3 Z:\private\simarlin\api\app\Restfull\BaseController.php(302): Appkita\CI4Restfull\BaseController->cekAuthType('token')
#4 Z:\private\simarlin\api\app\Restfull\BaseController.php(60): Appkita\CI4Restfull\BaseController->authentication(Array)
#5 Z:\private\simarlin\api\vendor\codeigniter4\framework\system\CodeIgniter.php(901): Appkita\CI4Restfull\BaseController->initController(Object(CodeIgniter\HTTP\IncomingRequest), Object(CodeIgniter\HTTP\Response), Object(CodeIgniter\Log\Logger))
#6 Z:\private\simarlin\api\vendor\codeigniter4\framework\system\CodeIgniter.php(426): CodeIgniter\CodeIgniter->createController()
#7 Z:\private\simarlin\api\vendor\codeigniter4\framework\system\CodeIgniter.php(336): CodeIgniter\CodeIgniter->handleRequest(NULL, Object(Config\Cache), false)
#8 Z:\private\simarlin\api\public\index.php(46): CodeIgniter\CodeIgniter->run()
#9 Z:\private\simarlin\api\vendor\codeigniter4\framework\system\Commands\Server\rewrite.php(45): require_once('Z:\\private\\sima...')
#10 {main}
CRITICAL - 2021-07-07 08:10:38 --> Wrong number of segments
#0 Z:\private\simarlin\api\vendor\appkita\phpauth\src\Type\Token.php(43): Firebase\JWT\JWT::decode('[object', '1klso1LMWnLKLQP...', Array)
#1 Z:\private\simarlin\api\vendor\appkita\phpauth\src\Authentication.php(49): Appkita\PHPAuth\Type\Token->decode(Object(Closure), Array)
#2 Z:\private\simarlin\api\app\Restfull\BaseController.php(182): Appkita\PHPAuth\Authentication->auth('\\Appkita\\PHPAut...', Object(Closure), Array)
#3 Z:\private\simarlin\api\app\Restfull\BaseController.php(302): Appkita\CI4Restfull\BaseController->cekAuthType('token')
#4 Z:\private\simarlin\api\app\Restfull\BaseController.php(60): Appkita\CI4Restfull\BaseController->authentication(Array)
#5 Z:\private\simarlin\api\vendor\codeigniter4\framework\system\CodeIgniter.php(901): Appkita\CI4Restfull\BaseController->initController(Object(CodeIgniter\HTTP\IncomingRequest), Object(CodeIgniter\HTTP\Response), Object(CodeIgniter\Log\Logger))
#6 Z:\private\simarlin\api\vendor\codeigniter4\framework\system\CodeIgniter.php(426): CodeIgniter\CodeIgniter->createController()
#7 Z:\private\simarlin\api\vendor\codeigniter4\framework\system\CodeIgniter.php(336): CodeIgniter\CodeIgniter->handleRequest(NULL, Object(Config\Cache), false)
#8 Z:\private\simarlin\api\public\index.php(46): CodeIgniter\CodeIgniter->run()
#9 Z:\private\simarlin\api\vendor\codeigniter4\framework\system\Commands\Server\rewrite.php(45): require_once('Z:\\private\\sima...')
#10 {main}
CRITICAL - 2021-07-07 08:11:48 --> Wrong number of segments
#0 Z:\private\simarlin\api\vendor\appkita\phpauth\src\Type\Token.php(43): Firebase\JWT\JWT::decode('[object', '1klso1LMWnLKLQP...', Array)
#1 Z:\private\simarlin\api\vendor\appkita\phpauth\src\Authentication.php(49): Appkita\PHPAuth\Type\Token->decode(Object(Closure), Array)
#2 Z:\private\simarlin\api\app\Restfull\BaseController.php(182): Appkita\PHPAuth\Authentication->auth('\\Appkita\\PHPAut...', Object(Closure), Array)
#3 Z:\private\simarlin\api\app\Restfull\BaseController.php(302): Appkita\CI4Restfull\BaseController->cekAuthType('token')
#4 Z:\private\simarlin\api\app\Restfull\BaseController.php(60): Appkita\CI4Restfull\BaseController->authentication(Array)
#5 Z:\private\simarlin\api\vendor\codeigniter4\framework\system\CodeIgniter.php(901): Appkita\CI4Restfull\BaseController->initController(Object(CodeIgniter\HTTP\IncomingRequest), Object(CodeIgniter\HTTP\Response), Object(CodeIgniter\Log\Logger))
#6 Z:\private\simarlin\api\vendor\codeigniter4\framework\system\CodeIgniter.php(426): CodeIgniter\CodeIgniter->createController()
#7 Z:\private\simarlin\api\vendor\codeigniter4\framework\system\CodeIgniter.php(336): CodeIgniter\CodeIgniter->handleRequest(NULL, Object(Config\Cache), false)
#8 Z:\private\simarlin\api\public\index.php(46): CodeIgniter\CodeIgniter->run()
#9 Z:\private\simarlin\api\vendor\codeigniter4\framework\system\Commands\Server\rewrite.php(45): require_once('Z:\\private\\sima...')
#10 {main}
CRITICAL - 2021-07-07 08:12:23 --> Wrong number of segments
#0 Z:\private\simarlin\api\vendor\appkita\phpauth\src\Type\Token.php(43): Firebase\JWT\JWT::decode('[object', '1klso1LMWnLKLQP...', Array)
#1 Z:\private\simarlin\api\vendor\appkita\phpauth\src\Authentication.php(49): Appkita\PHPAuth\Type\Token->decode(Object(Closure), Array)
#2 Z:\private\simarlin\api\app\Restfull\BaseController.php(182): Appkita\PHPAuth\Authentication->auth('\\Appkita\\PHPAut...', Object(Closure), Array)
#3 Z:\private\simarlin\api\app\Restfull\BaseController.php(302): Appkita\CI4Restfull\BaseController->cekAuthType('token')
#4 Z:\private\simarlin\api\app\Restfull\BaseController.php(60): Appkita\CI4Restfull\BaseController->authentication(Array)
#5 Z:\private\simarlin\api\vendor\codeigniter4\framework\system\CodeIgniter.php(901): Appkita\CI4Restfull\BaseController->initController(Object(CodeIgniter\HTTP\IncomingRequest), Object(CodeIgniter\HTTP\Response), Object(CodeIgniter\Log\Logger))
#6 Z:\private\simarlin\api\vendor\codeigniter4\framework\system\CodeIgniter.php(426): CodeIgniter\CodeIgniter->createController()
#7 Z:\private\simarlin\api\vendor\codeigniter4\framework\system\CodeIgniter.php(336): CodeIgniter\CodeIgniter->handleRequest(NULL, Object(Config\Cache), false)
#8 Z:\private\simarlin\api\public\index.php(46): CodeIgniter\CodeIgniter->run()
#9 Z:\private\simarlin\api\vendor\codeigniter4\framework\system\Commands\Server\rewrite.php(45): require_once('Z:\\private\\sima...')
#10 {main}
