CRITICAL - 2021-07-05 06:38:45 --> Class not found or Undefined variable: encodedToken
#0 Z:\private\simarlin\api\vendor\appkita\phpauth\src\Type\Token.php(43): Appkita\PHPAuth\Authentication->Appkita\PHPAuth\{closure}(8, 'Undefined varia...', 'Z:\\private\\sima...', 43, Array)
#1 Z:\private\simarlin\api\vendor\appkita\phpauth\src\Authentication.php(37): Appkita\PHPAuth\Type\Token->decode(Object(Closure))
#2 Z:\private\simarlin\api\app\Restfull\BaseController.php(191): Appkita\PHPAuth\Authentication->auth('Token', Object(Closure))
#3 Z:\private\simarlin\api\app\Restfull\BaseController.php(297): Appkita\CI4Restfull\BaseController->cekAuthType('token')
#4 Z:\private\simarlin\api\app\Restfull\BaseController.php(60): Appkita\CI4Restfull\BaseController->authentication(Array)
#5 Z:\private\simarlin\api\vendor\codeigniter4\framework\system\CodeIgniter.php(901): Appkita\CI4Restfull\BaseController->initController(Object(CodeIgniter\HTTP\IncomingRequest), Object(CodeIgniter\HTTP\Response), Object(CodeIgniter\Log\Logger))
#6 Z:\private\simarlin\api\vendor\codeigniter4\framework\system\CodeIgniter.php(426): CodeIgniter\CodeIgniter->createController()
#7 Z:\private\simarlin\api\vendor\codeigniter4\framework\system\CodeIgniter.php(336): CodeIgniter\CodeIgniter->handleRequest(NULL, Object(Config\Cache), false)
#8 Z:\private\simarlin\api\public\index.php(46): CodeIgniter\CodeIgniter->run()
#9 Z:\private\simarlin\api\vendor\codeigniter4\framework\system\Commands\Server\rewrite.php(45): require_once('Z:\\private\\sima...')
#10 {main}
CRITICAL - 2021-07-05 06:39:05 --> Class not found or Undefined variable: encodedToken
#0 Z:\private\simarlin\api\vendor\appkita\phpauth\src\Type\Token.php(43): Appkita\PHPAuth\Authentication->Appkita\PHPAuth\{closure}(8, 'Undefined varia...', 'Z:\\private\\sima...', 43, Array)
#1 Z:\private\simarlin\api\vendor\appkita\phpauth\src\Authentication.php(37): Appkita\PHPAuth\Type\Token->decode(Object(Closure))
#2 Z:\private\simarlin\api\app\Restfull\BaseController.php(192): Appkita\PHPAuth\Authentication->auth('Token', Object(Closure))
#3 Z:\private\simarlin\api\app\Restfull\BaseController.php(298): Appkita\CI4Restfull\BaseController->cekAuthType('token')
#4 Z:\private\simarlin\api\app\Restfull\BaseController.php(60): Appkita\CI4Restfull\BaseController->authentication(Array)
#5 Z:\private\simarlin\api\vendor\codeigniter4\framework\system\CodeIgniter.php(901): Appkita\CI4Restfull\BaseController->initController(Object(CodeIgniter\HTTP\IncomingRequest), Object(CodeIgniter\HTTP\Response), Object(CodeIgniter\Log\Logger))
#6 Z:\private\simarlin\api\vendor\codeigniter4\framework\system\CodeIgniter.php(426): CodeIgniter\CodeIgniter->createController()
#7 Z:\private\simarlin\api\vendor\codeigniter4\framework\system\CodeIgniter.php(336): CodeIgniter\CodeIgniter->handleRequest(NULL, Object(Config\Cache), false)
#8 Z:\private\simarlin\api\public\index.php(46): CodeIgniter\CodeIgniter->run()
#9 Z:\private\simarlin\api\vendor\codeigniter4\framework\system\Commands\Server\rewrite.php(45): require_once('Z:\\private\\sima...')
#10 {main}
CRITICAL - 2021-07-05 07:07:17 --> Class not found or Object of class stdClass could not be converted to string
#0 [internal function]: Appkita\PHPAuth\Authentication->Appkita\PHPAuth\{closure}(4096, 'Object of class...', 'Z:\\private\\sima...', 387, Array)
#1 Z:\private\simarlin\api\vendor\codeigniter4\framework\system\Database\Query.php(387): strtr('SELECT *\nFROM `...', Array)
#2 Z:\private\simarlin\api\vendor\codeigniter4\framework\system\Database\Query.php(355): CodeIgniter\Database\Query->matchNamedBinds('SELECT *\nFROM `...', Array)
#3 Z:\private\simarlin\api\vendor\codeigniter4\framework\system\Database\Query.php(170): CodeIgniter\Database\Query->compileBinds()
#4 Z:\private\simarlin\api\vendor\codeigniter4\framework\system\Database\BaseConnection.php(647): CodeIgniter\Database\Query->getQuery()
#5 Z:\private\simarlin\api\vendor\codeigniter4\framework\system\Database\BaseBuilder.php(1881): CodeIgniter\Database\BaseConnection->query('SELECT *\nFROM `...', Array, false)
#6 Z:\private\simarlin\api\vendor\codeigniter4\framework\system\Model.php(228): CodeIgniter\Database\BaseBuilder->get()
#7 Z:\private\simarlin\api\vendor\codeigniter4\framework\system\BaseModel.php(644): CodeIgniter\Model->doFirst()
#8 Z:\private\simarlin\api\app\Restfull\Auth.php(32): CodeIgniter\BaseModel->first()
#9 Z:\private\simarlin\api\app\Restfull\Auth.php(84): Appkita\CI4Restfull\Auth::dbCek(Object(stdClass), false, false)
#10 Z:\private\simarlin\api\app\Restfull\Auth.php(103): Appkita\CI4Restfull\Auth::cek(Object(stdClass), false, false)
#11 Z:\private\simarlin\api\app\Restfull\BaseController.php(182): Appkita\CI4Restfull\Auth::token(Object(stdClass))
#12 Z:\private\simarlin\api\vendor\appkita\phpauth\src\Type\Token.php(57): Appkita\CI4Restfull\BaseController->Appkita\CI4Restfull\{closure}(Object(stdClass))
#13 Z:\private\simarlin\api\vendor\appkita\phpauth\src\Authentication.php(37): Appkita\PHPAuth\Type\Token->decode(Object(Closure))
#14 Z:\private\simarlin\api\app\Restfull\BaseController.php(192): Appkita\PHPAuth\Authentication->auth('Token', Object(Closure))
#15 Z:\private\simarlin\api\app\Restfull\BaseController.php(298): Appkita\CI4Restfull\BaseController->cekAuthType('token')
#16 Z:\private\simarlin\api\app\Restfull\BaseController.php(60): Appkita\CI4Restfull\BaseController->authentication(Array)
#17 Z:\private\simarlin\api\vendor\codeigniter4\framework\system\CodeIgniter.php(901): Appkita\CI4Restfull\BaseController->initController(Object(CodeIgniter\HTTP\IncomingRequest), Object(CodeIgniter\HTTP\Response), Object(CodeIgniter\Log\Logger))
#18 Z:\private\simarlin\api\vendor\codeigniter4\framework\system\CodeIgniter.php(426): CodeIgniter\CodeIgniter->createController()
#19 Z:\private\simarlin\api\vendor\codeigniter4\framework\system\CodeIgniter.php(336): CodeIgniter\CodeIgniter->handleRequest(NULL, Object(Config\Cache), false)
#20 Z:\private\simarlin\api\public\index.php(46): CodeIgniter\CodeIgniter->run()
#21 Z:\private\simarlin\api\vendor\codeigniter4\framework\system\Commands\Server\rewrite.php(45): require_once('Z:\\private\\sima...')
#22 {main}
CRITICAL - 2021-07-05 07:09:26 --> Object of class stdClass could not be converted to string
#0 [internal function]: CodeIgniter\Debug\Exceptions->errorHandler(4096, 'Object of class...', 'Z:\\private\\sima...', 387, Array)
#1 Z:\private\simarlin\api\vendor\codeigniter4\framework\system\Database\Query.php(387): strtr('SELECT *\nFROM `...', Array)
#2 Z:\private\simarlin\api\vendor\codeigniter4\framework\system\Database\Query.php(355): CodeIgniter\Database\Query->matchNamedBinds('SELECT *\nFROM `...', Array)
#3 Z:\private\simarlin\api\vendor\codeigniter4\framework\system\Database\Query.php(170): CodeIgniter\Database\Query->compileBinds()
#4 Z:\private\simarlin\api\vendor\codeigniter4\framework\system\Database\BaseConnection.php(647): CodeIgniter\Database\Query->getQuery()
#5 Z:\private\simarlin\api\vendor\codeigniter4\framework\system\Database\BaseBuilder.php(1881): CodeIgniter\Database\BaseConnection->query('SELECT *\nFROM `...', Array, false)
#6 Z:\private\simarlin\api\vendor\codeigniter4\framework\system\Model.php(228): CodeIgniter\Database\BaseBuilder->get()
#7 Z:\private\simarlin\api\vendor\codeigniter4\framework\system\BaseModel.php(644): CodeIgniter\Model->doFirst()
#8 Z:\private\simarlin\api\app\Restfull\Auth.php(32): CodeIgniter\BaseModel->first()
#9 Z:\private\simarlin\api\app\Restfull\Auth.php(84): Appkita\CI4Restfull\Auth::dbCek(Object(stdClass), false, false)
#10 Z:\private\simarlin\api\app\Restfull\Auth.php(103): Appkita\CI4Restfull\Auth::cek(Object(stdClass), false, false)
#11 Z:\private\simarlin\api\app\Restfull\BaseController.php(182): Appkita\CI4Restfull\Auth::token(Object(stdClass))
#12 Z:\private\simarlin\api\vendor\appkita\phpauth\src\Type\Token.php(57): Appkita\CI4Restfull\BaseController->Appkita\CI4Restfull\{closure}(Object(stdClass))
#13 Z:\private\simarlin\api\vendor\appkita\phpauth\src\Authentication.php(37): Appkita\PHPAuth\Type\Token->decode(Object(Closure))
#14 Z:\private\simarlin\api\app\Restfull\BaseController.php(192): Appkita\PHPAuth\Authentication->auth('\\Appkita\\PHPAut...', Object(Closure))
#15 Z:\private\simarlin\api\app\Restfull\BaseController.php(298): Appkita\CI4Restfull\BaseController->cekAuthType('token')
#16 Z:\private\simarlin\api\app\Restfull\BaseController.php(60): Appkita\CI4Restfull\BaseController->authentication(Array)
#17 Z:\private\simarlin\api\vendor\codeigniter4\framework\system\CodeIgniter.php(901): Appkita\CI4Restfull\BaseController->initController(Object(CodeIgniter\HTTP\IncomingRequest), Object(CodeIgniter\HTTP\Response), Object(CodeIgniter\Log\Logger))
#18 Z:\private\simarlin\api\vendor\codeigniter4\framework\system\CodeIgniter.php(426): CodeIgniter\CodeIgniter->createController()
#19 Z:\private\simarlin\api\vendor\codeigniter4\framework\system\CodeIgniter.php(336): CodeIgniter\CodeIgniter->handleRequest(NULL, Object(Config\Cache), false)
#20 Z:\private\simarlin\api\public\index.php(46): CodeIgniter\CodeIgniter->run()
#21 Z:\private\simarlin\api\vendor\codeigniter4\framework\system\Commands\Server\rewrite.php(45): require_once('Z:\\private\\sima...')
#22 {main}
CRITICAL - 2021-07-05 07:10:47 --> Object of class stdClass could not be converted to string
#0 [internal function]: CodeIgniter\Debug\Exceptions->errorHandler(4096, 'Object of class...', 'Z:\\private\\sima...', 387, Array)
#1 Z:\private\simarlin\api\vendor\codeigniter4\framework\system\Database\Query.php(387): strtr('SELECT *\nFROM `...', Array)
#2 Z:\private\simarlin\api\vendor\codeigniter4\framework\system\Database\Query.php(355): CodeIgniter\Database\Query->matchNamedBinds('SELECT *\nFROM `...', Array)
#3 Z:\private\simarlin\api\vendor\codeigniter4\framework\system\Database\Query.php(170): CodeIgniter\Database\Query->compileBinds()
#4 Z:\private\simarlin\api\vendor\codeigniter4\framework\system\Database\BaseConnection.php(647): CodeIgniter\Database\Query->getQuery()
#5 Z:\private\simarlin\api\vendor\codeigniter4\framework\system\Database\BaseBuilder.php(1881): CodeIgniter\Database\BaseConnection->query('SELECT *\nFROM `...', Array, false)
#6 Z:\private\simarlin\api\vendor\codeigniter4\framework\system\Model.php(228): CodeIgniter\Database\BaseBuilder->get()
#7 Z:\private\simarlin\api\vendor\codeigniter4\framework\system\BaseModel.php(644): CodeIgniter\Model->doFirst()
#8 Z:\private\simarlin\api\app\Restfull\Auth.php(32): CodeIgniter\BaseModel->first()
#9 Z:\private\simarlin\api\app\Restfull\Auth.php(85): Appkita\CI4Restfull\Auth::dbCek(Object(stdClass), false, false)
#10 Z:\private\simarlin\api\app\Restfull\Auth.php(104): Appkita\CI4Restfull\Auth::cek(Object(stdClass), false, false)
#11 Z:\private\simarlin\api\app\Restfull\BaseController.php(182): Appkita\CI4Restfull\Auth::token(Object(stdClass))
#12 Z:\private\simarlin\api\vendor\appkita\phpauth\src\Type\Token.php(57): Appkita\CI4Restfull\BaseController->Appkita\CI4Restfull\{closure}(Object(stdClass))
#13 Z:\private\simarlin\api\vendor\appkita\phpauth\src\Authentication.php(37): Appkita\PHPAuth\Type\Token->decode(Object(Closure))
#14 Z:\private\simarlin\api\app\Restfull\BaseController.php(192): Appkita\PHPAuth\Authentication->auth('\\Appkita\\PHPAut...', Object(Closure))
#15 Z:\private\simarlin\api\app\Restfull\BaseController.php(298): Appkita\CI4Restfull\BaseController->cekAuthType('token')
#16 Z:\private\simarlin\api\app\Restfull\BaseController.php(60): Appkita\CI4Restfull\BaseController->authentication(Array)
#17 Z:\private\simarlin\api\vendor\codeigniter4\framework\system\CodeIgniter.php(901): Appkita\CI4Restfull\BaseController->initController(Object(CodeIgniter\HTTP\IncomingRequest), Object(CodeIgniter\HTTP\Response), Object(CodeIgniter\Log\Logger))
#18 Z:\private\simarlin\api\vendor\codeigniter4\framework\system\CodeIgniter.php(426): CodeIgniter\CodeIgniter->createController()
#19 Z:\private\simarlin\api\vendor\codeigniter4\framework\system\CodeIgniter.php(336): CodeIgniter\CodeIgniter->handleRequest(NULL, Object(Config\Cache), false)
#20 Z:\private\simarlin\api\public\index.php(46): CodeIgniter\CodeIgniter->run()
#21 Z:\private\simarlin\api\vendor\codeigniter4\framework\system\Commands\Server\rewrite.php(45): require_once('Z:\\private\\sima...')
#22 {main}
CRITICAL - 2021-07-05 07:11:19 --> Undefined variable: user
#0 Z:\private\simarlin\api\app\Restfull\Auth.php(32): CodeIgniter\Debug\Exceptions->errorHandler(8, 'Undefined varia...', 'Z:\\private\\sima...', 32, Array)
#1 Z:\private\simarlin\api\app\Restfull\Auth.php(84): Appkita\CI4Restfull\Auth::dbCek(Object(stdClass), false, false)
#2 Z:\private\simarlin\api\app\Restfull\Auth.php(103): Appkita\CI4Restfull\Auth::cek(Object(stdClass), false, false)
#3 Z:\private\simarlin\api\app\Restfull\BaseController.php(182): Appkita\CI4Restfull\Auth::token(Object(stdClass))
#4 Z:\private\simarlin\api\vendor\appkita\phpauth\src\Type\Token.php(57): Appkita\CI4Restfull\BaseController->Appkita\CI4Restfull\{closure}(Object(stdClass))
#5 Z:\private\simarlin\api\vendor\appkita\phpauth\src\Authentication.php(37): Appkita\PHPAuth\Type\Token->decode(Object(Closure))
#6 Z:\private\simarlin\api\app\Restfull\BaseController.php(192): Appkita\PHPAuth\Authentication->auth('\\Appkita\\PHPAut...', Object(Closure))
#7 Z:\private\simarlin\api\app\Restfull\BaseController.php(298): Appkita\CI4Restfull\BaseController->cekAuthType('token')
#8 Z:\private\simarlin\api\app\Restfull\BaseController.php(60): Appkita\CI4Restfull\BaseController->authentication(Array)
#9 Z:\private\simarlin\api\vendor\codeigniter4\framework\system\CodeIgniter.php(901): Appkita\CI4Restfull\BaseController->initController(Object(CodeIgniter\HTTP\IncomingRequest), Object(CodeIgniter\HTTP\Response), Object(CodeIgniter\Log\Logger))
#10 Z:\private\simarlin\api\vendor\codeigniter4\framework\system\CodeIgniter.php(426): CodeIgniter\CodeIgniter->createController()
#11 Z:\private\simarlin\api\vendor\codeigniter4\framework\system\CodeIgniter.php(336): CodeIgniter\CodeIgniter->handleRequest(NULL, Object(Config\Cache), false)
#12 Z:\private\simarlin\api\public\index.php(46): CodeIgniter\CodeIgniter->run()
#13 Z:\private\simarlin\api\vendor\codeigniter4\framework\system\Commands\Server\rewrite.php(45): require_once('Z:\\private\\sima...')
#14 {main}
CRITICAL - 2021-07-05 07:12:19 --> Call to undefined method App\Models\UserModel::getFirstRow
#0 Z:\private\simarlin\api\app\Restfull\Auth.php(32): CodeIgniter\Model->__call('getFirstRow', Array)
#1 Z:\private\simarlin\api\app\Restfull\Auth.php(85): Appkita\CI4Restfull\Auth::dbCek(Object(stdClass), false, false)
#2 Z:\private\simarlin\api\app\Restfull\Auth.php(104): Appkita\CI4Restfull\Auth::cek(Object(stdClass), false, false)
#3 Z:\private\simarlin\api\app\Restfull\BaseController.php(182): Appkita\CI4Restfull\Auth::token(Object(stdClass))
#4 Z:\private\simarlin\api\vendor\appkita\phpauth\src\Type\Token.php(57): Appkita\CI4Restfull\BaseController->Appkita\CI4Restfull\{closure}(Object(stdClass))
#5 Z:\private\simarlin\api\vendor\appkita\phpauth\src\Authentication.php(37): Appkita\PHPAuth\Type\Token->decode(Object(Closure))
#6 Z:\private\simarlin\api\app\Restfull\BaseController.php(192): Appkita\PHPAuth\Authentication->auth('\\Appkita\\PHPAut...', Object(Closure))
#7 Z:\private\simarlin\api\app\Restfull\BaseController.php(298): Appkita\CI4Restfull\BaseController->cekAuthType('token')
#8 Z:\private\simarlin\api\app\Restfull\BaseController.php(60): Appkita\CI4Restfull\BaseController->authentication(Array)
#9 Z:\private\simarlin\api\vendor\codeigniter4\framework\system\CodeIgniter.php(901): Appkita\CI4Restfull\BaseController->initController(Object(CodeIgniter\HTTP\IncomingRequest), Object(CodeIgniter\HTTP\Response), Object(CodeIgniter\Log\Logger))
#10 Z:\private\simarlin\api\vendor\codeigniter4\framework\system\CodeIgniter.php(426): CodeIgniter\CodeIgniter->createController()
#11 Z:\private\simarlin\api\vendor\codeigniter4\framework\system\CodeIgniter.php(336): CodeIgniter\CodeIgniter->handleRequest(NULL, Object(Config\Cache), false)
#12 Z:\private\simarlin\api\public\index.php(46): CodeIgniter\CodeIgniter->run()
#13 Z:\private\simarlin\api\vendor\codeigniter4\framework\system\Commands\Server\rewrite.php(45): require_once('Z:\\private\\sima...')
#14 {main}
CRITICAL - 2021-07-05 07:15:52 --> Undefined variable: user_config
#0 Z:\private\simarlin\api\app\Restfull\BaseController.php(183): CodeIgniter\Debug\Exceptions->errorHandler(8, 'Undefined varia...', 'Z:\\private\\sima...', 183, Array)
#1 Z:\private\simarlin\api\vendor\appkita\phpauth\src\Type\Token.php(57): Appkita\CI4Restfull\BaseController->Appkita\CI4Restfull\{closure}(Object(stdClass))
#2 Z:\private\simarlin\api\vendor\appkita\phpauth\src\Authentication.php(37): Appkita\PHPAuth\Type\Token->decode(Object(Closure))
#3 Z:\private\simarlin\api\app\Restfull\BaseController.php(194): Appkita\PHPAuth\Authentication->auth('\\Appkita\\PHPAut...', Object(Closure))
#4 Z:\private\simarlin\api\app\Restfull\BaseController.php(300): Appkita\CI4Restfull\BaseController->cekAuthType('token')
#5 Z:\private\simarlin\api\app\Restfull\BaseController.php(60): Appkita\CI4Restfull\BaseController->authentication(Array)
#6 Z:\private\simarlin\api\vendor\codeigniter4\framework\system\CodeIgniter.php(901): Appkita\CI4Restfull\BaseController->initController(Object(CodeIgniter\HTTP\IncomingRequest), Object(CodeIgniter\HTTP\Response), Object(CodeIgniter\Log\Logger))
#7 Z:\private\simarlin\api\vendor\codeigniter4\framework\system\CodeIgniter.php(426): CodeIgniter\CodeIgniter->createController()
#8 Z:\private\simarlin\api\vendor\codeigniter4\framework\system\CodeIgniter.php(336): CodeIgniter\CodeIgniter->handleRequest(NULL, Object(Config\Cache), false)
#9 Z:\private\simarlin\api\public\index.php(46): CodeIgniter\CodeIgniter->run()
#10 Z:\private\simarlin\api\vendor\codeigniter4\framework\system\Commands\Server\rewrite.php(45): require_once('Z:\\private\\sima...')
#11 {main}
CRITICAL - 2021-07-05 07:17:18 --> Undefined variable: user_config
#0 Z:\private\simarlin\api\app\Restfull\BaseController.php(183): CodeIgniter\Debug\Exceptions->errorHandler(8, 'Undefined varia...', 'Z:\\private\\sima...', 183, Array)
#1 Z:\private\simarlin\api\vendor\appkita\phpauth\src\Type\Token.php(57): Appkita\CI4Restfull\BaseController->Appkita\CI4Restfull\{closure}(Object(stdClass))
#2 Z:\private\simarlin\api\vendor\appkita\phpauth\src\Authentication.php(37): Appkita\PHPAuth\Type\Token->decode(Object(Closure))
#3 Z:\private\simarlin\api\app\Restfull\BaseController.php(194): Appkita\PHPAuth\Authentication->auth('\\Appkita\\PHPAut...', Object(Closure))
#4 Z:\private\simarlin\api\app\Restfull\BaseController.php(300): Appkita\CI4Restfull\BaseController->cekAuthType('token')
#5 Z:\private\simarlin\api\app\Restfull\BaseController.php(60): Appkita\CI4Restfull\BaseController->authentication(Array)
#6 Z:\private\simarlin\api\vendor\codeigniter4\framework\system\CodeIgniter.php(901): Appkita\CI4Restfull\BaseController->initController(Object(CodeIgniter\HTTP\IncomingRequest), Object(CodeIgniter\HTTP\Response), Object(CodeIgniter\Log\Logger))
#7 Z:\private\simarlin\api\vendor\codeigniter4\framework\system\CodeIgniter.php(426): CodeIgniter\CodeIgniter->createController()
#8 Z:\private\simarlin\api\vendor\codeigniter4\framework\system\CodeIgniter.php(336): CodeIgniter\CodeIgniter->handleRequest(NULL, Object(Config\Cache), false)
#9 Z:\private\simarlin\api\public\index.php(46): CodeIgniter\CodeIgniter->run()
#10 Z:\private\simarlin\api\vendor\codeigniter4\framework\system\Commands\Server\rewrite.php(45): require_once('Z:\\private\\sima...')
#11 {main}
CRITICAL - 2021-07-05 07:17:43 --> Too few arguments to function Appkita\CI4Restfull\BaseController::Appkita\CI4Restfull\{closure}(), 1 passed in Z:\private\simarlin\api\vendor\appkita\phpauth\src\Type\Token.php on line 57 and exactly 2 expected
#0 Z:\private\simarlin\api\vendor\appkita\phpauth\src\Type\Token.php(57): Appkita\CI4Restfull\BaseController->Appkita\CI4Restfull\{closure}(Object(stdClass))
#1 Z:\private\simarlin\api\vendor\appkita\phpauth\src\Authentication.php(37): Appkita\PHPAuth\Type\Token->decode(Object(Closure))
#2 Z:\private\simarlin\api\app\Restfull\BaseController.php(194): Appkita\PHPAuth\Authentication->auth('\\Appkita\\PHPAut...', Object(Closure))
#3 Z:\private\simarlin\api\app\Restfull\BaseController.php(300): Appkita\CI4Restfull\BaseController->cekAuthType('token')
#4 Z:\private\simarlin\api\app\Restfull\BaseController.php(60): Appkita\CI4Restfull\BaseController->authentication(Array)
#5 Z:\private\simarlin\api\vendor\codeigniter4\framework\system\CodeIgniter.php(901): Appkita\CI4Restfull\BaseController->initController(Object(CodeIgniter\HTTP\IncomingRequest), Object(CodeIgniter\HTTP\Response), Object(CodeIgniter\Log\Logger))
#6 Z:\private\simarlin\api\vendor\codeigniter4\framework\system\CodeIgniter.php(426): CodeIgniter\CodeIgniter->createController()
#7 Z:\private\simarlin\api\vendor\codeigniter4\framework\system\CodeIgniter.php(336): CodeIgniter\CodeIgniter->handleRequest(NULL, Object(Config\Cache), false)
#8 Z:\private\simarlin\api\public\index.php(46): CodeIgniter\CodeIgniter->run()
#9 Z:\private\simarlin\api\vendor\codeigniter4\framework\system\Commands\Server\rewrite.php(45): require_once('Z:\\private\\sima...')
#10 {main}
CRITICAL - 2021-07-05 07:19:01 --> Use of undefined constant args - assumed 'args' (this will throw an Error in a future version of PHP)
#0 Z:\private\simarlin\api\vendor\appkita\phpauth\src\Type\Token.php(57): CodeIgniter\Debug\Exceptions->errorHandler(2, 'Use of undefine...', 'Z:\\private\\sima...', 57, Array)
#1 Z:\private\simarlin\api\vendor\appkita\phpauth\src\Authentication.php(37): Appkita\PHPAuth\Type\Token->decode(Object(Closure))
#2 Z:\private\simarlin\api\app\Restfull\BaseController.php(194): Appkita\PHPAuth\Authentication->auth('\\Appkita\\PHPAut...', Object(Closure))
#3 Z:\private\simarlin\api\app\Restfull\BaseController.php(300): Appkita\CI4Restfull\BaseController->cekAuthType('token')
#4 Z:\private\simarlin\api\app\Restfull\BaseController.php(60): Appkita\CI4Restfull\BaseController->authentication(Array)
#5 Z:\private\simarlin\api\vendor\codeigniter4\framework\system\CodeIgniter.php(901): Appkita\CI4Restfull\BaseController->initController(Object(CodeIgniter\HTTP\IncomingRequest), Object(CodeIgniter\HTTP\Response), Object(CodeIgniter\Log\Logger))
#6 Z:\private\simarlin\api\vendor\codeigniter4\framework\system\CodeIgniter.php(426): CodeIgniter\CodeIgniter->createController()
#7 Z:\private\simarlin\api\vendor\codeigniter4\framework\system\CodeIgniter.php(336): CodeIgniter\CodeIgniter->handleRequest(NULL, Object(Config\Cache), false)
#8 Z:\private\simarlin\api\public\index.php(46): CodeIgniter\CodeIgniter->run()
#9 Z:\private\simarlin\api\vendor\codeigniter4\framework\system\Commands\Server\rewrite.php(45): require_once('Z:\\private\\sima...')
#10 {main}
CRITICAL - 2021-07-05 07:30:11 --> Undefined variable: user_config
#0 Z:\private\simarlin\api\app\Restfull\BaseController.php(182): CodeIgniter\Debug\Exceptions->errorHandler(8, 'Undefined varia...', 'Z:\\private\\sima...', 182, Array)
#1 Z:\private\simarlin\api\vendor\appkita\phpauth\src\Type\Token.php(57): Appkita\CI4Restfull\BaseController->Appkita\CI4Restfull\{closure}(Object(stdClass))
#2 Z:\private\simarlin\api\vendor\appkita\phpauth\src\Authentication.php(37): Appkita\PHPAuth\Type\Token->decode(Object(Closure))
#3 Z:\private\simarlin\api\app\Restfull\BaseController.php(195): Appkita\PHPAuth\Authentication->auth('\\Appkita\\PHPAut...', Object(Closure))
#4 Z:\private\simarlin\api\app\Restfull\BaseController.php(301): Appkita\CI4Restfull\BaseController->cekAuthType('token')
#5 Z:\private\simarlin\api\app\Restfull\BaseController.php(60): Appkita\CI4Restfull\BaseController->authentication(Array)
#6 Z:\private\simarlin\api\vendor\codeigniter4\framework\system\CodeIgniter.php(901): Appkita\CI4Restfull\BaseController->initController(Object(CodeIgniter\HTTP\IncomingRequest), Object(CodeIgniter\HTTP\Response), Object(CodeIgniter\Log\Logger))
#7 Z:\private\simarlin\api\vendor\codeigniter4\framework\system\CodeIgniter.php(426): CodeIgniter\CodeIgniter->createController()
#8 Z:\private\simarlin\api\vendor\codeigniter4\framework\system\CodeIgniter.php(336): CodeIgniter\CodeIgniter->handleRequest(NULL, Object(Config\Cache), false)
#9 Z:\private\simarlin\api\public\index.php(46): CodeIgniter\CodeIgniter->run()
#10 Z:\private\simarlin\api\vendor\codeigniter4\framework\system\Commands\Server\rewrite.php(45): require_once('Z:\\private\\sima...')
#11 {main}
CRITICAL - 2021-07-05 07:34:15 --> Undefined variable: user_config
#0 Z:\private\simarlin\api\app\Restfull\BaseController.php(183): CodeIgniter\Debug\Exceptions->errorHandler(8, 'Undefined varia...', 'Z:\\private\\sima...', 183, Array)
#1 Z:\private\simarlin\api\vendor\appkita\phpauth\src\Type\Token.php(57): Appkita\CI4Restfull\BaseController->Appkita\CI4Restfull\{closure}(Object(stdClass))
#2 Z:\private\simarlin\api\vendor\appkita\phpauth\src\Authentication.php(37): Appkita\PHPAuth\Type\Token->decode(Object(Closure))
#3 Z:\private\simarlin\api\app\Restfull\BaseController.php(181): Appkita\PHPAuth\Authentication->auth('\\Appkita\\PHPAut...', Object(Closure), Array)
#4 Z:\private\simarlin\api\app\Restfull\BaseController.php(300): Appkita\CI4Restfull\BaseController->cekAuthType('token')
#5 Z:\private\simarlin\api\app\Restfull\BaseController.php(60): Appkita\CI4Restfull\BaseController->authentication(Array)
#6 Z:\private\simarlin\api\vendor\codeigniter4\framework\system\CodeIgniter.php(901): Appkita\CI4Restfull\BaseController->initController(Object(CodeIgniter\HTTP\IncomingRequest), Object(CodeIgniter\HTTP\Response), Object(CodeIgniter\Log\Logger))
#7 Z:\private\simarlin\api\vendor\codeigniter4\framework\system\CodeIgniter.php(426): CodeIgniter\CodeIgniter->createController()
#8 Z:\private\simarlin\api\vendor\codeigniter4\framework\system\CodeIgniter.php(336): CodeIgniter\CodeIgniter->handleRequest(NULL, Object(Config\Cache), false)
#9 Z:\private\simarlin\api\public\index.php(46): CodeIgniter\CodeIgniter->run()
#10 Z:\private\simarlin\api\vendor\codeigniter4\framework\system\Commands\Server\rewrite.php(45): require_once('Z:\\private\\sima...')
#11 {main}
CRITICAL - 2021-07-05 07:41:07 --> Expired token
#0 Z:\private\simarlin\api\vendor\appkita\phpauth\src\Type\Token.php(43): Firebase\JWT\JWT::decode('eyJ0eXAiOiJKV1Q...', '1klso1LMWnLKLQP...', Array)
#1 Z:\private\simarlin\api\vendor\appkita\phpauth\src\Authentication.php(49): Appkita\PHPAuth\Type\Token->decode(Object(Closure), Array)
#2 Z:\private\simarlin\api\app\Restfull\BaseController.php(181): Appkita\PHPAuth\Authentication->auth('\\Appkita\\PHPAut...', Object(Closure), Array)
#3 Z:\private\simarlin\api\app\Restfull\BaseController.php(300): Appkita\CI4Restfull\BaseController->cekAuthType('token')
#4 Z:\private\simarlin\api\app\Restfull\BaseController.php(60): Appkita\CI4Restfull\BaseController->authentication(Array)
#5 Z:\private\simarlin\api\vendor\codeigniter4\framework\system\CodeIgniter.php(901): Appkita\CI4Restfull\BaseController->initController(Object(CodeIgniter\HTTP\IncomingRequest), Object(CodeIgniter\HTTP\Response), Object(CodeIgniter\Log\Logger))
#6 Z:\private\simarlin\api\vendor\codeigniter4\framework\system\CodeIgniter.php(426): CodeIgniter\CodeIgniter->createController()
#7 Z:\private\simarlin\api\vendor\codeigniter4\framework\system\CodeIgniter.php(336): CodeIgniter\CodeIgniter->handleRequest(NULL, Object(Config\Cache), false)
#8 Z:\private\simarlin\api\public\index.php(46): CodeIgniter\CodeIgniter->run()
#9 Z:\private\simarlin\api\vendor\codeigniter4\framework\system\Commands\Server\rewrite.php(45): require_once('Z:\\private\\sima...')
#10 {main}
CRITICAL - 2021-07-05 07:41:49 --> Undefined variable: user_config
#0 Z:\private\simarlin\api\app\Restfull\BaseController.php(183): CodeIgniter\Debug\Exceptions->errorHandler(8, 'Undefined varia...', 'Z:\\private\\sima...', 183, Array)
#1 Z:\private\simarlin\api\vendor\appkita\phpauth\src\Type\Token.php(59): Appkita\CI4Restfull\BaseController->Appkita\CI4Restfull\{closure}(Object(stdClass), Array)
#2 Z:\private\simarlin\api\vendor\appkita\phpauth\src\Authentication.php(49): Appkita\PHPAuth\Type\Token->decode(Object(Closure), Array)
#3 Z:\private\simarlin\api\app\Restfull\BaseController.php(181): Appkita\PHPAuth\Authentication->auth('\\Appkita\\PHPAut...', Object(Closure), Array)
#4 Z:\private\simarlin\api\app\Restfull\BaseController.php(300): Appkita\CI4Restfull\BaseController->cekAuthType('token')
#5 Z:\private\simarlin\api\app\Restfull\BaseController.php(60): Appkita\CI4Restfull\BaseController->authentication(Array)
#6 Z:\private\simarlin\api\vendor\codeigniter4\framework\system\CodeIgniter.php(901): Appkita\CI4Restfull\BaseController->initController(Object(CodeIgniter\HTTP\IncomingRequest), Object(CodeIgniter\HTTP\Response), Object(CodeIgniter\Log\Logger))
#7 Z:\private\simarlin\api\vendor\codeigniter4\framework\system\CodeIgniter.php(426): CodeIgniter\CodeIgniter->createController()
#8 Z:\private\simarlin\api\vendor\codeigniter4\framework\system\CodeIgniter.php(336): CodeIgniter\CodeIgniter->handleRequest(NULL, Object(Config\Cache), false)
#9 Z:\private\simarlin\api\public\index.php(46): CodeIgniter\CodeIgniter->run()
#10 Z:\private\simarlin\api\vendor\codeigniter4\framework\system\Commands\Server\rewrite.php(45): require_once('Z:\\private\\sima...')
#11 {main}
CRITICAL - 2021-07-05 07:44:22 --> Object of class stdClass could not be converted to string
#0 [internal function]: CodeIgniter\Debug\Exceptions->errorHandler(4096, 'Object of class...', 'Z:\\private\\sima...', 387, Array)
#1 Z:\private\simarlin\api\vendor\codeigniter4\framework\system\Database\Query.php(387): strtr('SELECT *\nFROM `...', Array)
#2 Z:\private\simarlin\api\vendor\codeigniter4\framework\system\Database\Query.php(355): CodeIgniter\Database\Query->matchNamedBinds('SELECT *\nFROM `...', Array)
#3 Z:\private\simarlin\api\vendor\codeigniter4\framework\system\Database\Query.php(170): CodeIgniter\Database\Query->compileBinds()
#4 Z:\private\simarlin\api\vendor\codeigniter4\framework\system\Database\BaseConnection.php(647): CodeIgniter\Database\Query->getQuery()
#5 Z:\private\simarlin\api\vendor\codeigniter4\framework\system\Database\BaseBuilder.php(1881): CodeIgniter\Database\BaseConnection->query('SELECT *\nFROM `...', Array, false)
#6 Z:\private\simarlin\api\vendor\codeigniter4\framework\system\Model.php(228): CodeIgniter\Database\BaseBuilder->get()
#7 Z:\private\simarlin\api\vendor\codeigniter4\framework\system\BaseModel.php(644): CodeIgniter\Model->doFirst()
#8 Z:\private\simarlin\api\app\Restfull\Auth.php(32): CodeIgniter\BaseModel->first()
#9 Z:\private\simarlin\api\app\Restfull\Auth.php(84): Appkita\CI4Restfull\Auth::dbCek(Object(stdClass), false, false)
#10 Z:\private\simarlin\api\app\Restfull\Auth.php(103): Appkita\CI4Restfull\Auth::cek(Object(stdClass), false, false)
#11 Z:\private\simarlin\api\app\Restfull\BaseController.php(185): Appkita\CI4Restfull\Auth::token(Object(stdClass))
#12 Z:\private\simarlin\api\vendor\appkita\phpauth\src\Type\Token.php(59): Appkita\CI4Restfull\BaseController->Appkita\CI4Restfull\{closure}(Object(stdClass), Array)
#13 Z:\private\simarlin\api\vendor\appkita\phpauth\src\Authentication.php(49): Appkita\PHPAuth\Type\Token->decode(Object(Closure), Array)
#14 Z:\private\simarlin\api\app\Restfull\BaseController.php(181): Appkita\PHPAuth\Authentication->auth('\\Appkita\\PHPAut...', Object(Closure), Array)
#15 Z:\private\simarlin\api\app\Restfull\BaseController.php(301): Appkita\CI4Restfull\BaseController->cekAuthType('token')
#16 Z:\private\simarlin\api\app\Restfull\BaseController.php(60): Appkita\CI4Restfull\BaseController->authentication(Array)
#17 Z:\private\simarlin\api\vendor\codeigniter4\framework\system\CodeIgniter.php(901): Appkita\CI4Restfull\BaseController->initController(Object(CodeIgniter\HTTP\IncomingRequest), Object(CodeIgniter\HTTP\Response), Object(CodeIgniter\Log\Logger))
#18 Z:\private\simarlin\api\vendor\codeigniter4\framework\system\CodeIgniter.php(426): CodeIgniter\CodeIgniter->createController()
#19 Z:\private\simarlin\api\vendor\codeigniter4\framework\system\CodeIgniter.php(336): CodeIgniter\CodeIgniter->handleRequest(NULL, Object(Config\Cache), false)
#20 Z:\private\simarlin\api\public\index.php(46): CodeIgniter\CodeIgniter->run()
#21 Z:\private\simarlin\api\vendor\codeigniter4\framework\system\Commands\Server\rewrite.php(45): require_once('Z:\\private\\sima...')
#22 {main}
