ERROR - 2021-06-29 09:51:41 --> Error connecting to the database: The server requested authentication method unknown to the client
CRITICAL - 2021-06-29 09:51:41 --> Unable to connect to the database.
Main connection [MySQLi]: The server requested authentication method unknown to the client
#0 G:\website\simorlin\api\vendor\codeigniter4\framework\system\Database\BaseConnection.php(625): CodeIgniter\Database\BaseConnection->initialize()
#1 G:\website\simorlin\api\vendor\codeigniter4\framework\system\Database\BaseBuilder.php(1881): CodeIgniter\Database\BaseConnection->query('SELECT *\nFROM `...', Array, false)
#2 G:\website\simorlin\api\vendor\codeigniter4\framework\system\Model.php(228): CodeIgniter\Database\BaseBuilder->get()
#3 G:\website\simorlin\api\vendor\codeigniter4\framework\system\BaseModel.php(644): CodeIgniter\Model->doFirst()
#4 G:\website\simorlin\api\app\Restfull\Auth.php(32): CodeIgniter\BaseModel->first()
#5 G:\website\simorlin\api\app\Restfull\Auth.php(82): Appkita\CI4Restfull\Auth::dbCek('admin@email.com', '12345678', false)
#6 G:\website\simorlin\api\app\Restfull\Auth.php(93): Appkita\CI4Restfull\Auth::cek('admin@email.com', '12345678', false)
#7 G:\website\simorlin\api\app\Restfull\BaseController.php(154): Appkita\CI4Restfull\Auth::basic('admin@email.com', '12345678')
#8 G:\website\simorlin\api\vendor\appkita\phpauth\src\Type\Basic.php(25): Appkita\CI4Restfull\BaseController->Appkita\CI4Restfull\{closure}('admin@email.com', '12345678')
#9 G:\website\simorlin\api\vendor\appkita\phpauth\src\Authentication.php(33): Appkita\PHPAuth\Type\Basic->decode(Object(Closure))
#10 G:\website\simorlin\api\app\Restfull\BaseController.php(163): Appkita\PHPAuth\Authentication->auth('Basic', Object(Closure))
#11 G:\website\simorlin\api\app\Restfull\BaseController.php(297): Appkita\CI4Restfull\BaseController->cekAuthType('basic')
#12 G:\website\simorlin\api\app\Restfull\BaseController.php(60): Appkita\CI4Restfull\BaseController->authentication(Array)
#13 G:\website\simorlin\api\vendor\codeigniter4\framework\system\CodeIgniter.php(901): Appkita\CI4Restfull\BaseController->initController(Object(CodeIgniter\HTTP\IncomingRequest), Object(CodeIgniter\HTTP\Response), Object(CodeIgniter\Log\Logger))
#14 G:\website\simorlin\api\vendor\codeigniter4\framework\system\CodeIgniter.php(426): CodeIgniter\CodeIgniter->createController()
#15 G:\website\simorlin\api\vendor\codeigniter4\framework\system\CodeIgniter.php(336): CodeIgniter\CodeIgniter->handleRequest(NULL, Object(Config\Cache), false)
#16 G:\website\simorlin\api\public\index.php(44): CodeIgniter\CodeIgniter->run()
#17 {main}
ERROR - 2021-06-29 09:51:45 --> Error connecting to the database: The server requested authentication method unknown to the client
CRITICAL - 2021-06-29 09:51:45 --> Unable to connect to the database.
Main connection [MySQLi]: The server requested authentication method unknown to the client
#0 G:\website\simorlin\api\vendor\codeigniter4\framework\system\Database\BaseConnection.php(625): CodeIgniter\Database\BaseConnection->initialize()
#1 G:\website\simorlin\api\vendor\codeigniter4\framework\system\Database\BaseBuilder.php(1881): CodeIgniter\Database\BaseConnection->query('SELECT *\nFROM `...', Array, false)
#2 G:\website\simorlin\api\vendor\codeigniter4\framework\system\Model.php(228): CodeIgniter\Database\BaseBuilder->get()
#3 G:\website\simorlin\api\vendor\codeigniter4\framework\system\BaseModel.php(644): CodeIgniter\Model->doFirst()
#4 G:\website\simorlin\api\app\Restfull\Auth.php(32): CodeIgniter\BaseModel->first()
#5 G:\website\simorlin\api\app\Restfull\Auth.php(82): Appkita\CI4Restfull\Auth::dbCek('admin@email.com', '12345678', false)
#6 G:\website\simorlin\api\app\Restfull\Auth.php(93): Appkita\CI4Restfull\Auth::cek('admin@email.com', '12345678', false)
#7 G:\website\simorlin\api\app\Restfull\BaseController.php(154): Appkita\CI4Restfull\Auth::basic('admin@email.com', '12345678')
#8 G:\website\simorlin\api\vendor\appkita\phpauth\src\Type\Basic.php(25): Appkita\CI4Restfull\BaseController->Appkita\CI4Restfull\{closure}('admin@email.com', '12345678')
#9 G:\website\simorlin\api\vendor\appkita\phpauth\src\Authentication.php(33): Appkita\PHPAuth\Type\Basic->decode(Object(Closure))
#10 G:\website\simorlin\api\app\Restfull\BaseController.php(163): Appkita\PHPAuth\Authentication->auth('Basic', Object(Closure))
#11 G:\website\simorlin\api\app\Restfull\BaseController.php(297): Appkita\CI4Restfull\BaseController->cekAuthType('basic')
#12 G:\website\simorlin\api\app\Restfull\BaseController.php(60): Appkita\CI4Restfull\BaseController->authentication(Array)
#13 G:\website\simorlin\api\vendor\codeigniter4\framework\system\CodeIgniter.php(901): Appkita\CI4Restfull\BaseController->initController(Object(CodeIgniter\HTTP\IncomingRequest), Object(CodeIgniter\HTTP\Response), Object(CodeIgniter\Log\Logger))
#14 G:\website\simorlin\api\vendor\codeigniter4\framework\system\CodeIgniter.php(426): CodeIgniter\CodeIgniter->createController()
#15 G:\website\simorlin\api\vendor\codeigniter4\framework\system\CodeIgniter.php(336): CodeIgniter\CodeIgniter->handleRequest(NULL, Object(Config\Cache), false)
#16 G:\website\simorlin\api\public\index.php(44): CodeIgniter\CodeIgniter->run()
#17 {main}
ERROR - 2021-06-29 09:52:06 --> Error connecting to the database: The server requested authentication method unknown to the client
CRITICAL - 2021-06-29 09:52:06 --> Unable to connect to the database.
Main connection [MySQLi]: The server requested authentication method unknown to the client
#0 G:\website\simorlin\api\vendor\codeigniter4\framework\system\Database\BaseConnection.php(625): CodeIgniter\Database\BaseConnection->initialize()
#1 G:\website\simorlin\api\vendor\codeigniter4\framework\system\Database\BaseBuilder.php(1881): CodeIgniter\Database\BaseConnection->query('SELECT *\nFROM `...', Array, false)
#2 G:\website\simorlin\api\vendor\codeigniter4\framework\system\Model.php(228): CodeIgniter\Database\BaseBuilder->get()
#3 G:\website\simorlin\api\vendor\codeigniter4\framework\system\BaseModel.php(644): CodeIgniter\Model->doFirst()
#4 G:\website\simorlin\api\app\Restfull\Auth.php(32): CodeIgniter\BaseModel->first()
#5 G:\website\simorlin\api\app\Restfull\Auth.php(82): Appkita\CI4Restfull\Auth::dbCek('admin@email.com', '12345678', false)
#6 G:\website\simorlin\api\app\Restfull\Auth.php(93): Appkita\CI4Restfull\Auth::cek('admin@email.com', '12345678', false)
#7 G:\website\simorlin\api\app\Restfull\BaseController.php(154): Appkita\CI4Restfull\Auth::basic('admin@email.com', '12345678')
#8 G:\website\simorlin\api\vendor\appkita\phpauth\src\Type\Basic.php(25): Appkita\CI4Restfull\BaseController->Appkita\CI4Restfull\{closure}('admin@email.com', '12345678')
#9 G:\website\simorlin\api\vendor\appkita\phpauth\src\Authentication.php(33): Appkita\PHPAuth\Type\Basic->decode(Object(Closure))
#10 G:\website\simorlin\api\app\Restfull\BaseController.php(163): Appkita\PHPAuth\Authentication->auth('Basic', Object(Closure))
#11 G:\website\simorlin\api\app\Restfull\BaseController.php(297): Appkita\CI4Restfull\BaseController->cekAuthType('basic')
#12 G:\website\simorlin\api\app\Restfull\BaseController.php(60): Appkita\CI4Restfull\BaseController->authentication(Array)
#13 G:\website\simorlin\api\vendor\codeigniter4\framework\system\CodeIgniter.php(901): Appkita\CI4Restfull\BaseController->initController(Object(CodeIgniter\HTTP\IncomingRequest), Object(CodeIgniter\HTTP\Response), Object(CodeIgniter\Log\Logger))
#14 G:\website\simorlin\api\vendor\codeigniter4\framework\system\CodeIgniter.php(426): CodeIgniter\CodeIgniter->createController()
#15 G:\website\simorlin\api\vendor\codeigniter4\framework\system\CodeIgniter.php(336): CodeIgniter\CodeIgniter->handleRequest(NULL, Object(Config\Cache), false)
#16 G:\website\simorlin\api\public\index.php(44): CodeIgniter\CodeIgniter->run()
#17 {main}
CRITICAL - 2021-06-29 09:52:56 --> Class not found or Use of undefined constant APPPNAMESPACE - assumed 'APPPNAMESPACE' (this will throw an Error in a future version of PHP)
#0 G:\website\simorlin\api\app\Restfull\BaseController.php(248): Appkita\PHPAuth\Authentication->Appkita\PHPAuth\{closure}(2, 'Use of undefine...', 'G:\\website\\simo...', 248, Array)
#1 G:\website\simorlin\api\app\Restfull\BaseController.php(220): Appkita\CI4Restfull\BaseController->cekPath(Array)
#2 G:\website\simorlin\api\app\Restfull\BaseController.php(297): Appkita\CI4Restfull\BaseController->cekAuthType('basic')
#3 G:\website\simorlin\api\app\Restfull\BaseController.php(60): Appkita\CI4Restfull\BaseController->authentication(Array)
#4 G:\website\simorlin\api\vendor\codeigniter4\framework\system\CodeIgniter.php(901): Appkita\CI4Restfull\BaseController->initController(Object(CodeIgniter\HTTP\IncomingRequest), Object(CodeIgniter\HTTP\Response), Object(CodeIgniter\Log\Logger))
#5 G:\website\simorlin\api\vendor\codeigniter4\framework\system\CodeIgniter.php(426): CodeIgniter\CodeIgniter->createController()
#6 G:\website\simorlin\api\vendor\codeigniter4\framework\system\CodeIgniter.php(336): CodeIgniter\CodeIgniter->handleRequest(NULL, Object(Config\Cache), false)
#7 G:\website\simorlin\api\public\index.php(44): CodeIgniter\CodeIgniter->run()
#8 {main}
CRITICAL - 2021-06-29 09:55:55 --> Class not found or Use of undefined constant APPPNAMESPACE - assumed 'APPPNAMESPACE' (this will throw an Error in a future version of PHP)
#0 G:\website\simorlin\api\app\Restfull\BaseController.php(248): Appkita\PHPAuth\Authentication->Appkita\PHPAuth\{closure}(2, 'Use of undefine...', 'G:\\website\\simo...', 248, Array)
#1 G:\website\simorlin\api\app\Restfull\BaseController.php(220): Appkita\CI4Restfull\BaseController->cekPath(Array)
#2 G:\website\simorlin\api\app\Restfull\BaseController.php(297): Appkita\CI4Restfull\BaseController->cekAuthType('basic')
#3 G:\website\simorlin\api\app\Restfull\BaseController.php(60): Appkita\CI4Restfull\BaseController->authentication(Array)
#4 G:\website\simorlin\api\vendor\codeigniter4\framework\system\CodeIgniter.php(901): Appkita\CI4Restfull\BaseController->initController(Object(CodeIgniter\HTTP\IncomingRequest), Object(CodeIgniter\HTTP\Response), Object(CodeIgniter\Log\Logger))
#5 G:\website\simorlin\api\vendor\codeigniter4\framework\system\CodeIgniter.php(426): CodeIgniter\CodeIgniter->createController()
#6 G:\website\simorlin\api\vendor\codeigniter4\framework\system\CodeIgniter.php(336): CodeIgniter\CodeIgniter->handleRequest(NULL, Object(Config\Cache), false)
#7 G:\website\simorlin\api\public\index.php(44): CodeIgniter\CodeIgniter->run()
#8 {main}
CRITICAL - 2021-06-29 09:57:49 --> Use of undefined constant APPPNAMESPACE - assumed 'APPPNAMESPACE' (this will throw an Error in a future version of PHP)
#0 G:\website\simorlin\api\app\Restfull\BaseController.php(248): CodeIgniter\Debug\Exceptions->errorHandler(2, 'Use of undefine...', 'G:\\website\\simo...', 248, Array)
#1 G:\website\simorlin\api\app\Restfull\BaseController.php(220): Appkita\CI4Restfull\BaseController->cekPath(Array)
#2 G:\website\simorlin\api\app\Restfull\BaseController.php(297): Appkita\CI4Restfull\BaseController->cekAuthType('basic')
#3 G:\website\simorlin\api\app\Restfull\BaseController.php(60): Appkita\CI4Restfull\BaseController->authentication(Array)
#4 G:\website\simorlin\api\vendor\codeigniter4\framework\system\CodeIgniter.php(901): Appkita\CI4Restfull\BaseController->initController(Object(CodeIgniter\HTTP\IncomingRequest), Object(CodeIgniter\HTTP\Response), Object(CodeIgniter\Log\Logger))
#5 G:\website\simorlin\api\vendor\codeigniter4\framework\system\CodeIgniter.php(426): CodeIgniter\CodeIgniter->createController()
#6 G:\website\simorlin\api\vendor\codeigniter4\framework\system\CodeIgniter.php(336): CodeIgniter\CodeIgniter->handleRequest(NULL, Object(Config\Cache), false)
#7 G:\website\simorlin\api\public\index.php(44): CodeIgniter\CodeIgniter->run()
#8 {main}
CRITICAL - 2021-06-29 09:59:28 --> Class not found or Use of undefined constant APPPNAMESPACE - assumed 'APPPNAMESPACE' (this will throw an Error in a future version of PHP)
#0 G:\website\simorlin\api\app\Restfull\BaseController.php(248): Appkita\PHPAuth\Authentication->Appkita\PHPAuth\{closure}(2, 'Use of undefine...', 'G:\\website\\simo...', 248, Array)
#1 G:\website\simorlin\api\app\Restfull\BaseController.php(220): Appkita\CI4Restfull\BaseController->cekPath(Array)
#2 G:\website\simorlin\api\app\Restfull\BaseController.php(297): Appkita\CI4Restfull\BaseController->cekAuthType('basic')
#3 G:\website\simorlin\api\app\Restfull\BaseController.php(60): Appkita\CI4Restfull\BaseController->authentication(Array)
#4 G:\website\simorlin\api\vendor\codeigniter4\framework\system\CodeIgniter.php(901): Appkita\CI4Restfull\BaseController->initController(Object(CodeIgniter\HTTP\IncomingRequest), Object(CodeIgniter\HTTP\Response), Object(CodeIgniter\Log\Logger))
#5 G:\website\simorlin\api\vendor\codeigniter4\framework\system\CodeIgniter.php(426): CodeIgniter\CodeIgniter->createController()
#6 G:\website\simorlin\api\vendor\codeigniter4\framework\system\CodeIgniter.php(336): CodeIgniter\CodeIgniter->handleRequest(NULL, Object(Config\Cache), false)
#7 G:\website\simorlin\api\public\index.php(44): CodeIgniter\CodeIgniter->run()
#8 {main}
CRITICAL - 2021-06-29 09:59:45 --> Class 'Basic' not found
#0 G:\website\simorlin\api\app\Restfull\BaseController.php(163): Appkita\PHPAuth\Authentication->auth('Basic', Object(Closure))
#1 G:\website\simorlin\api\app\Restfull\BaseController.php(297): Appkita\CI4Restfull\BaseController->cekAuthType('basic')
#2 G:\website\simorlin\api\app\Restfull\BaseController.php(60): Appkita\CI4Restfull\BaseController->authentication(Array)
#3 G:\website\simorlin\api\vendor\codeigniter4\framework\system\CodeIgniter.php(901): Appkita\CI4Restfull\BaseController->initController(Object(CodeIgniter\HTTP\IncomingRequest), Object(CodeIgniter\HTTP\Response), Object(CodeIgniter\Log\Logger))
#4 G:\website\simorlin\api\vendor\codeigniter4\framework\system\CodeIgniter.php(426): CodeIgniter\CodeIgniter->createController()
#5 G:\website\simorlin\api\vendor\codeigniter4\framework\system\CodeIgniter.php(336): CodeIgniter\CodeIgniter->handleRequest(NULL, Object(Config\Cache), false)
#6 G:\website\simorlin\api\public\index.php(44): CodeIgniter\CodeIgniter->run()
#7 {main}
CRITICAL - 2021-06-29 10:00:09 --> Class 'Basic' not found
#0 G:\website\simorlin\api\app\Restfull\BaseController.php(163): Appkita\PHPAuth\Authentication->auth('Basic', Object(Closure))
#1 G:\website\simorlin\api\app\Restfull\BaseController.php(297): Appkita\CI4Restfull\BaseController->cekAuthType('basic')
#2 G:\website\simorlin\api\app\Restfull\BaseController.php(60): Appkita\CI4Restfull\BaseController->authentication(Array)
#3 G:\website\simorlin\api\vendor\codeigniter4\framework\system\CodeIgniter.php(901): Appkita\CI4Restfull\BaseController->initController(Object(CodeIgniter\HTTP\IncomingRequest), Object(CodeIgniter\HTTP\Response), Object(CodeIgniter\Log\Logger))
#4 G:\website\simorlin\api\vendor\codeigniter4\framework\system\CodeIgniter.php(426): CodeIgniter\CodeIgniter->createController()
#5 G:\website\simorlin\api\vendor\codeigniter4\framework\system\CodeIgniter.php(336): CodeIgniter\CodeIgniter->handleRequest(NULL, Object(Config\Cache), false)
#6 G:\website\simorlin\api\public\index.php(44): CodeIgniter\CodeIgniter->run()
#7 {main}
CRITICAL - 2021-06-29 10:00:45 --> Class 'Basic' not found
#0 G:\website\simorlin\api\app\Restfull\BaseController.php(163): Appkita\PHPAuth\Authentication->auth('Basic', Object(Closure))
#1 G:\website\simorlin\api\app\Restfull\BaseController.php(297): Appkita\CI4Restfull\BaseController->cekAuthType('basic')
#2 G:\website\simorlin\api\app\Restfull\BaseController.php(60): Appkita\CI4Restfull\BaseController->authentication(Array)
#3 G:\website\simorlin\api\vendor\codeigniter4\framework\system\CodeIgniter.php(901): Appkita\CI4Restfull\BaseController->initController(Object(CodeIgniter\HTTP\IncomingRequest), Object(CodeIgniter\HTTP\Response), Object(CodeIgniter\Log\Logger))
#4 G:\website\simorlin\api\vendor\codeigniter4\framework\system\CodeIgniter.php(426): CodeIgniter\CodeIgniter->createController()
#5 G:\website\simorlin\api\vendor\codeigniter4\framework\system\CodeIgniter.php(336): CodeIgniter\CodeIgniter->handleRequest(NULL, Object(Config\Cache), false)
#6 G:\website\simorlin\api\public\index.php(44): CodeIgniter\CodeIgniter->run()
#7 {main}
CRITICAL - 2021-06-29 10:00:54 --> Class 'Basic' not found
#0 G:\website\simorlin\api\app\Restfull\BaseController.php(163): Appkita\PHPAuth\Authentication->auth('Basic', Object(Closure))
#1 G:\website\simorlin\api\app\Restfull\BaseController.php(297): Appkita\CI4Restfull\BaseController->cekAuthType('basic')
#2 G:\website\simorlin\api\app\Restfull\BaseController.php(60): Appkita\CI4Restfull\BaseController->authentication(Array)
#3 G:\website\simorlin\api\vendor\codeigniter4\framework\system\CodeIgniter.php(901): Appkita\CI4Restfull\BaseController->initController(Object(CodeIgniter\HTTP\IncomingRequest), Object(CodeIgniter\HTTP\Response), Object(CodeIgniter\Log\Logger))
#4 G:\website\simorlin\api\vendor\codeigniter4\framework\system\CodeIgniter.php(426): CodeIgniter\CodeIgniter->createController()
#5 G:\website\simorlin\api\vendor\codeigniter4\framework\system\CodeIgniter.php(336): CodeIgniter\CodeIgniter->handleRequest(NULL, Object(Config\Cache), false)
#6 G:\website\simorlin\api\public\index.php(44): CodeIgniter\CodeIgniter->run()
#7 {main}
CRITICAL - 2021-06-29 10:01:59 --> Class not found or Use of undefined constant APPPNAMESPACE - assumed 'APPPNAMESPACE' (this will throw an Error in a future version of PHP)
#0 G:\website\simorlin\api\app\Restfull\BaseController.php(248): Appkita\PHPAuth\Authentication->Appkita\PHPAuth\{closure}(2, 'Use of undefine...', 'G:\\website\\simo...', 248, Array)
#1 G:\website\simorlin\api\app\Restfull\BaseController.php(220): Appkita\CI4Restfull\BaseController->cekPath(Array)
#2 G:\website\simorlin\api\app\Restfull\BaseController.php(297): Appkita\CI4Restfull\BaseController->cekAuthType('basic')
#3 G:\website\simorlin\api\app\Restfull\BaseController.php(60): Appkita\CI4Restfull\BaseController->authentication(Array)
#4 G:\website\simorlin\api\vendor\codeigniter4\framework\system\CodeIgniter.php(901): Appkita\CI4Restfull\BaseController->initController(Object(CodeIgniter\HTTP\IncomingRequest), Object(CodeIgniter\HTTP\Response), Object(CodeIgniter\Log\Logger))
#5 G:\website\simorlin\api\vendor\codeigniter4\framework\system\CodeIgniter.php(426): CodeIgniter\CodeIgniter->createController()
#6 G:\website\simorlin\api\vendor\codeigniter4\framework\system\CodeIgniter.php(336): CodeIgniter\CodeIgniter->handleRequest(NULL, Object(Config\Cache), false)
#7 G:\website\simorlin\api\public\index.php(44): CodeIgniter\CodeIgniter->run()
#8 {main}
CRITICAL - 2021-06-29 10:02:24 --> Use of undefined constant APPPNAMESPACE - assumed 'APPPNAMESPACE' (this will throw an Error in a future version of PHP)
#0 G:\website\simorlin\api\app\Restfull\BaseController.php(248): CodeIgniter\Debug\Exceptions->errorHandler(2, 'Use of undefine...', 'G:\\website\\simo...', 248, Array)
#1 G:\website\simorlin\api\app\Restfull\BaseController.php(220): Appkita\CI4Restfull\BaseController->cekPath(Array)
#2 G:\website\simorlin\api\app\Restfull\BaseController.php(297): Appkita\CI4Restfull\BaseController->cekAuthType('basic')
#3 G:\website\simorlin\api\app\Restfull\BaseController.php(60): Appkita\CI4Restfull\BaseController->authentication(Array)
#4 G:\website\simorlin\api\vendor\codeigniter4\framework\system\CodeIgniter.php(901): Appkita\CI4Restfull\BaseController->initController(Object(CodeIgniter\HTTP\IncomingRequest), Object(CodeIgniter\HTTP\Response), Object(CodeIgniter\Log\Logger))
#5 G:\website\simorlin\api\vendor\codeigniter4\framework\system\CodeIgniter.php(426): CodeIgniter\CodeIgniter->createController()
#6 G:\website\simorlin\api\vendor\codeigniter4\framework\system\CodeIgniter.php(336): CodeIgniter\CodeIgniter->handleRequest(NULL, Object(Config\Cache), false)
#7 G:\website\simorlin\api\public\index.php(44): CodeIgniter\CodeIgniter->run()
#8 {main}
CRITICAL - 2021-06-29 10:02:45 --> Class not found or Use of undefined constant APPPNAMESPACE - assumed 'APPPNAMESPACE' (this will throw an Error in a future version of PHP)
#0 G:\website\simorlin\api\app\Restfull\BaseController.php(248): Appkita\PHPAuth\Authentication->Appkita\PHPAuth\{closure}(2, 'Use of undefine...', 'G:\\website\\simo...', 248, Array)
#1 G:\website\simorlin\api\app\Restfull\BaseController.php(220): Appkita\CI4Restfull\BaseController->cekPath(Array)
#2 G:\website\simorlin\api\app\Restfull\BaseController.php(297): Appkita\CI4Restfull\BaseController->cekAuthType('basic')
#3 G:\website\simorlin\api\app\Restfull\BaseController.php(60): Appkita\CI4Restfull\BaseController->authentication(Array)
#4 G:\website\simorlin\api\vendor\codeigniter4\framework\system\CodeIgniter.php(901): Appkita\CI4Restfull\BaseController->initController(Object(CodeIgniter\HTTP\IncomingRequest), Object(CodeIgniter\HTTP\Response), Object(CodeIgniter\Log\Logger))
#5 G:\website\simorlin\api\vendor\codeigniter4\framework\system\CodeIgniter.php(426): CodeIgniter\CodeIgniter->createController()
#6 G:\website\simorlin\api\vendor\codeigniter4\framework\system\CodeIgniter.php(336): CodeIgniter\CodeIgniter->handleRequest(NULL, Object(Config\Cache), false)
#7 G:\website\simorlin\api\public\index.php(44): CodeIgniter\CodeIgniter->run()
#8 {main}
CRITICAL - 2021-06-29 10:03:08 --> Class not found ors Use of undefined constant APPPNAMESPACE - assumed 'APPPNAMESPACE' (this will throw an Error in a future version of PHP)
#0 G:\website\simorlin\api\app\Restfull\BaseController.php(248): Appkita\PHPAuth\Authentication->Appkita\PHPAuth\{closure}(2, 'Use of undefine...', 'G:\\website\\simo...', 248, Array)
#1 G:\website\simorlin\api\app\Restfull\BaseController.php(220): Appkita\CI4Restfull\BaseController->cekPath(Array)
#2 G:\website\simorlin\api\app\Restfull\BaseController.php(297): Appkita\CI4Restfull\BaseController->cekAuthType('basic')
#3 G:\website\simorlin\api\app\Restfull\BaseController.php(60): Appkita\CI4Restfull\BaseController->authentication(Array)
#4 G:\website\simorlin\api\vendor\codeigniter4\framework\system\CodeIgniter.php(901): Appkita\CI4Restfull\BaseController->initController(Object(CodeIgniter\HTTP\IncomingRequest), Object(CodeIgniter\HTTP\Response), Object(CodeIgniter\Log\Logger))
#5 G:\website\simorlin\api\vendor\codeigniter4\framework\system\CodeIgniter.php(426): CodeIgniter\CodeIgniter->createController()
#6 G:\website\simorlin\api\vendor\codeigniter4\framework\system\CodeIgniter.php(336): CodeIgniter\CodeIgniter->handleRequest(NULL, Object(Config\Cache), false)
#7 G:\website\simorlin\api\public\index.php(44): CodeIgniter\CodeIgniter->run()
#8 {main}
CRITICAL - 2021-06-29 10:04:23 --> Class not found or Use of undefined constant APPPNAMESPACE - assumed 'APPPNAMESPACE' (this will throw an Error in a future version of PHP)
#0 G:\website\simorlin\api\app\Restfull\BaseController.php(248): Appkita\PHPAuth\Authentication->Appkita\PHPAuth\{closure}(2, 'Use of undefine...', 'G:\\website\\simo...', 248, Array)
#1 G:\website\simorlin\api\app\Restfull\BaseController.php(220): Appkita\CI4Restfull\BaseController->cekPath(Array)
#2 G:\website\simorlin\api\app\Restfull\BaseController.php(297): Appkita\CI4Restfull\BaseController->cekAuthType('basic')
#3 G:\website\simorlin\api\app\Restfull\BaseController.php(60): Appkita\CI4Restfull\BaseController->authentication(Array)
#4 G:\website\simorlin\api\vendor\codeigniter4\framework\system\CodeIgniter.php(901): Appkita\CI4Restfull\BaseController->initController(Object(CodeIgniter\HTTP\IncomingRequest), Object(CodeIgniter\HTTP\Response), Object(CodeIgniter\Log\Logger))
#5 G:\website\simorlin\api\vendor\codeigniter4\framework\system\CodeIgniter.php(426): CodeIgniter\CodeIgniter->createController()
#6 G:\website\simorlin\api\vendor\codeigniter4\framework\system\CodeIgniter.php(336): CodeIgniter\CodeIgniter->handleRequest(NULL, Object(Config\Cache), false)
#7 G:\website\simorlin\api\public\index.php(44): CodeIgniter\CodeIgniter->run()
#8 {main}
CRITICAL - 2021-06-29 10:11:54 --> Class not found or Undefined property: Appkita\PHPAuth\Authentication::$token
#0 G:\website\simorlin\api\app\Controllers\Auth.php(23): Appkita\PHPAuth\Authentication->Appkita\PHPAuth\{closure}(8, 'Undefined prope...', 'G:\\website\\simo...', 23, Array)
#1 G:\website\simorlin\api\vendor\codeigniter4\framework\system\CodeIgniter.php(928): App\Controllers\Auth->create()
#2 G:\website\simorlin\api\vendor\codeigniter4\framework\system\CodeIgniter.php(436): CodeIgniter\CodeIgniter->runController(Object(App\Controllers\Auth))
#3 G:\website\simorlin\api\vendor\codeigniter4\framework\system\CodeIgniter.php(336): CodeIgniter\CodeIgniter->handleRequest(NULL, Object(Config\Cache), false)
#4 G:\website\simorlin\api\public\index.php(44): CodeIgniter\CodeIgniter->run()
#5 {main}
CRITICAL - 2021-06-29 10:12:12 --> Call to undefined function Appkita\PHPAuth\Type\Token()
#0 G:\website\simorlin\api\app\Controllers\Auth.php(23): Appkita\PHPAuth\Authentication->token()
#1 G:\website\simorlin\api\vendor\codeigniter4\framework\system\CodeIgniter.php(928): App\Controllers\Auth->create()
#2 G:\website\simorlin\api\vendor\codeigniter4\framework\system\CodeIgniter.php(436): CodeIgniter\CodeIgniter->runController(Object(App\Controllers\Auth))
#3 G:\website\simorlin\api\vendor\codeigniter4\framework\system\CodeIgniter.php(336): CodeIgniter\CodeIgniter->handleRequest(NULL, Object(Config\Cache), false)
#4 G:\website\simorlin\api\public\index.php(44): CodeIgniter\CodeIgniter->run()
#5 {main}
CRITICAL - 2021-06-29 10:13:10 --> Call to undefined function Appkita\PHPAuth\Appkita\PHPAuth\Type\Token()
#0 G:\website\simorlin\api\app\Controllers\Auth.php(23): Appkita\PHPAuth\Authentication->token()
#1 G:\website\simorlin\api\vendor\codeigniter4\framework\system\CodeIgniter.php(928): App\Controllers\Auth->create()
#2 G:\website\simorlin\api\vendor\codeigniter4\framework\system\CodeIgniter.php(436): CodeIgniter\CodeIgniter->runController(Object(App\Controllers\Auth))
#3 G:\website\simorlin\api\vendor\codeigniter4\framework\system\CodeIgniter.php(336): CodeIgniter\CodeIgniter->handleRequest(NULL, Object(Config\Cache), false)
#4 G:\website\simorlin\api\public\index.php(44): CodeIgniter\CodeIgniter->run()
#5 {main}
CRITICAL - 2021-06-29 10:13:18 --> Call to undefined function Appkita\PHPAuth\Token()
#0 G:\website\simorlin\api\app\Controllers\Auth.php(23): Appkita\PHPAuth\Authentication->token()
#1 G:\website\simorlin\api\vendor\codeigniter4\framework\system\CodeIgniter.php(928): App\Controllers\Auth->create()
#2 G:\website\simorlin\api\vendor\codeigniter4\framework\system\CodeIgniter.php(436): CodeIgniter\CodeIgniter->runController(Object(App\Controllers\Auth))
#3 G:\website\simorlin\api\vendor\codeigniter4\framework\system\CodeIgniter.php(336): CodeIgniter\CodeIgniter->handleRequest(NULL, Object(Config\Cache), false)
#4 G:\website\simorlin\api\public\index.php(44): CodeIgniter\CodeIgniter->run()
#5 {main}
