CRITICAL - 2021-07-09 00:00:07 --> Expired token
#0 G:\Project\website\SIMORLIN\api\vendor\appkita\phpauth\src\Type\Token.php(43): Firebase\JWT\JWT::decode('eyJ0eXAiOiJKV1Q...', '1klso1LMWnLKLQP...', Array)
#1 G:\Project\website\SIMORLIN\api\vendor\appkita\phpauth\src\Authentication.php(37): Appkita\PHPAuth\Type\Token->decode(Object(Closure), Array)
#2 G:\Project\website\SIMORLIN\api\app\Restfull\BaseController.php(181): Appkita\PHPAuth\Authentication->auth('Token', Object(Closure), Array)
#3 G:\Project\website\SIMORLIN\api\app\Restfull\BaseController.php(300): Appkita\CI4Restfull\BaseController->cekAuthType('token')
#4 G:\Project\website\SIMORLIN\api\app\Restfull\BaseController.php(60): Appkita\CI4Restfull\BaseController->authentication(Array)
#5 G:\Project\website\SIMORLIN\api\vendor\codeigniter4\framework\system\CodeIgniter.php(901): Appkita\CI4Restfull\BaseController->initController(Object(CodeIgniter\HTTP\IncomingRequest), Object(CodeIgniter\HTTP\Response), Object(CodeIgniter\Log\Logger))
#6 G:\Project\website\SIMORLIN\api\vendor\codeigniter4\framework\system\CodeIgniter.php(426): CodeIgniter\CodeIgniter->createController()
#7 G:\Project\website\SIMORLIN\api\vendor\codeigniter4\framework\system\CodeIgniter.php(336): CodeIgniter\CodeIgniter->handleRequest(NULL, Object(Config\Cache), false)
#8 G:\Project\website\SIMORLIN\api\public\index.php(46): CodeIgniter\CodeIgniter->run()
#9 G:\Project\website\SIMORLIN\api\vendor\codeigniter4\framework\system\Commands\Server\rewrite.php(45): require_once('G:\\Project\\webs...')
#10 {main}
CRITICAL - 2021-07-09 00:00:19 --> Expired token
#0 G:\Project\website\SIMORLIN\api\vendor\appkita\phpauth\src\Type\Token.php(43): Firebase\JWT\JWT::decode('eyJ0eXAiOiJKV1Q...', '1klso1LMWnLKLQP...', Array)
#1 G:\Project\website\SIMORLIN\api\vendor\appkita\phpauth\src\Authentication.php(37): Appkita\PHPAuth\Type\Token->decode(Object(Closure), Array)
#2 G:\Project\website\SIMORLIN\api\app\Restfull\BaseController.php(181): Appkita\PHPAuth\Authentication->auth('Token', Object(Closure), Array)
#3 G:\Project\website\SIMORLIN\api\app\Restfull\BaseController.php(300): Appkita\CI4Restfull\BaseController->cekAuthType('token')
#4 G:\Project\website\SIMORLIN\api\app\Restfull\BaseController.php(60): Appkita\CI4Restfull\BaseController->authentication(Array)
#5 G:\Project\website\SIMORLIN\api\vendor\codeigniter4\framework\system\CodeIgniter.php(901): Appkita\CI4Restfull\BaseController->initController(Object(CodeIgniter\HTTP\IncomingRequest), Object(CodeIgniter\HTTP\Response), Object(CodeIgniter\Log\Logger))
#6 G:\Project\website\SIMORLIN\api\vendor\codeigniter4\framework\system\CodeIgniter.php(426): CodeIgniter\CodeIgniter->createController()
#7 G:\Project\website\SIMORLIN\api\vendor\codeigniter4\framework\system\CodeIgniter.php(336): CodeIgniter\CodeIgniter->handleRequest(NULL, Object(Config\Cache), false)
#8 G:\Project\website\SIMORLIN\api\public\index.php(46): CodeIgniter\CodeIgniter->run()
#9 G:\Project\website\SIMORLIN\api\vendor\codeigniter4\framework\system\Commands\Server\rewrite.php(45): require_once('G:\\Project\\webs...')
#10 {main}
CRITICAL - 2021-07-09 00:00:21 --> Expired token
#0 G:\Project\website\SIMORLIN\api\vendor\appkita\phpauth\src\Type\Token.php(43): Firebase\JWT\JWT::decode('eyJ0eXAiOiJKV1Q...', '1klso1LMWnLKLQP...', Array)
#1 G:\Project\website\SIMORLIN\api\vendor\appkita\phpauth\src\Authentication.php(37): Appkita\PHPAuth\Type\Token->decode(Object(Closure), Array)
#2 G:\Project\website\SIMORLIN\api\app\Restfull\BaseController.php(181): Appkita\PHPAuth\Authentication->auth('Token', Object(Closure), Array)
#3 G:\Project\website\SIMORLIN\api\app\Restfull\BaseController.php(300): Appkita\CI4Restfull\BaseController->cekAuthType('token')
#4 G:\Project\website\SIMORLIN\api\app\Restfull\BaseController.php(60): Appkita\CI4Restfull\BaseController->authentication(Array)
#5 G:\Project\website\SIMORLIN\api\vendor\codeigniter4\framework\system\CodeIgniter.php(901): Appkita\CI4Restfull\BaseController->initController(Object(CodeIgniter\HTTP\IncomingRequest), Object(CodeIgniter\HTTP\Response), Object(CodeIgniter\Log\Logger))
#6 G:\Project\website\SIMORLIN\api\vendor\codeigniter4\framework\system\CodeIgniter.php(426): CodeIgniter\CodeIgniter->createController()
#7 G:\Project\website\SIMORLIN\api\vendor\codeigniter4\framework\system\CodeIgniter.php(336): CodeIgniter\CodeIgniter->handleRequest(NULL, Object(Config\Cache), false)
#8 G:\Project\website\SIMORLIN\api\public\index.php(46): CodeIgniter\CodeIgniter->run()
#9 G:\Project\website\SIMORLIN\api\vendor\codeigniter4\framework\system\Commands\Server\rewrite.php(45): require_once('G:\\Project\\webs...')
#10 {main}
CRITICAL - 2021-07-09 00:00:43 --> Expired token
#0 G:\Project\website\SIMORLIN\api\vendor\appkita\phpauth\src\Type\Token.php(43): Firebase\JWT\JWT::decode('eyJ0eXAiOiJKV1Q...', '1klso1LMWnLKLQP...', Array)
#1 G:\Project\website\SIMORLIN\api\vendor\appkita\phpauth\src\Authentication.php(37): Appkita\PHPAuth\Type\Token->decode(Object(Closure), Array)
#2 G:\Project\website\SIMORLIN\api\app\Restfull\BaseController.php(181): Appkita\PHPAuth\Authentication->auth('Token', Object(Closure), Array)
#3 G:\Project\website\SIMORLIN\api\app\Restfull\BaseController.php(300): Appkita\CI4Restfull\BaseController->cekAuthType('token')
#4 G:\Project\website\SIMORLIN\api\app\Restfull\BaseController.php(60): Appkita\CI4Restfull\BaseController->authentication(Array)
#5 G:\Project\website\SIMORLIN\api\vendor\codeigniter4\framework\system\CodeIgniter.php(901): Appkita\CI4Restfull\BaseController->initController(Object(CodeIgniter\HTTP\IncomingRequest), Object(CodeIgniter\HTTP\Response), Object(CodeIgniter\Log\Logger))
#6 G:\Project\website\SIMORLIN\api\vendor\codeigniter4\framework\system\CodeIgniter.php(426): CodeIgniter\CodeIgniter->createController()
#7 G:\Project\website\SIMORLIN\api\vendor\codeigniter4\framework\system\CodeIgniter.php(336): CodeIgniter\CodeIgniter->handleRequest(NULL, Object(Config\Cache), false)
#8 G:\Project\website\SIMORLIN\api\public\index.php(46): CodeIgniter\CodeIgniter->run()
#9 G:\Project\website\SIMORLIN\api\vendor\codeigniter4\framework\system\Commands\Server\rewrite.php(45): require_once('G:\\Project\\webs...')
#10 {main}
CRITICAL - 2021-07-09 00:00:58 --> Expired token
#0 G:\Project\website\SIMORLIN\api\vendor\appkita\phpauth\src\Type\Token.php(43): Firebase\JWT\JWT::decode('eyJ0eXAiOiJKV1Q...', '1klso1LMWnLKLQP...', Array)
#1 G:\Project\website\SIMORLIN\api\vendor\appkita\phpauth\src\Authentication.php(37): Appkita\PHPAuth\Type\Token->decode(Object(Closure), Array)
#2 G:\Project\website\SIMORLIN\api\app\Restfull\BaseController.php(181): Appkita\PHPAuth\Authentication->auth('Token', Object(Closure), Array)
#3 G:\Project\website\SIMORLIN\api\app\Restfull\BaseController.php(300): Appkita\CI4Restfull\BaseController->cekAuthType('token')
#4 G:\Project\website\SIMORLIN\api\app\Restfull\BaseController.php(60): Appkita\CI4Restfull\BaseController->authentication(Array)
#5 G:\Project\website\SIMORLIN\api\vendor\codeigniter4\framework\system\CodeIgniter.php(901): Appkita\CI4Restfull\BaseController->initController(Object(CodeIgniter\HTTP\IncomingRequest), Object(CodeIgniter\HTTP\Response), Object(CodeIgniter\Log\Logger))
#6 G:\Project\website\SIMORLIN\api\vendor\codeigniter4\framework\system\CodeIgniter.php(426): CodeIgniter\CodeIgniter->createController()
#7 G:\Project\website\SIMORLIN\api\vendor\codeigniter4\framework\system\CodeIgniter.php(336): CodeIgniter\CodeIgniter->handleRequest(NULL, Object(Config\Cache), false)
#8 G:\Project\website\SIMORLIN\api\public\index.php(46): CodeIgniter\CodeIgniter->run()
#9 G:\Project\website\SIMORLIN\api\vendor\codeigniter4\framework\system\Commands\Server\rewrite.php(45): require_once('G:\\Project\\webs...')
#10 {main}
CRITICAL - 2021-07-09 00:01:16 --> Expired token
#0 G:\Project\website\SIMORLIN\api\vendor\appkita\phpauth\src\Type\Token.php(43): Firebase\JWT\JWT::decode('eyJ0eXAiOiJKV1Q...', '1klso1LMWnLKLQP...', Array)
#1 G:\Project\website\SIMORLIN\api\vendor\appkita\phpauth\src\Authentication.php(37): Appkita\PHPAuth\Type\Token->decode(Object(Closure), Array)
#2 G:\Project\website\SIMORLIN\api\app\Restfull\BaseController.php(181): Appkita\PHPAuth\Authentication->auth('Token', Object(Closure), Array)
#3 G:\Project\website\SIMORLIN\api\app\Restfull\BaseController.php(300): Appkita\CI4Restfull\BaseController->cekAuthType('token')
#4 G:\Project\website\SIMORLIN\api\app\Restfull\BaseController.php(60): Appkita\CI4Restfull\BaseController->authentication(Array)
#5 G:\Project\website\SIMORLIN\api\vendor\codeigniter4\framework\system\CodeIgniter.php(901): Appkita\CI4Restfull\BaseController->initController(Object(CodeIgniter\HTTP\IncomingRequest), Object(CodeIgniter\HTTP\Response), Object(CodeIgniter\Log\Logger))
#6 G:\Project\website\SIMORLIN\api\vendor\codeigniter4\framework\system\CodeIgniter.php(426): CodeIgniter\CodeIgniter->createController()
#7 G:\Project\website\SIMORLIN\api\vendor\codeigniter4\framework\system\CodeIgniter.php(336): CodeIgniter\CodeIgniter->handleRequest(NULL, Object(Config\Cache), false)
#8 G:\Project\website\SIMORLIN\api\public\index.php(46): CodeIgniter\CodeIgniter->run()
#9 G:\Project\website\SIMORLIN\api\vendor\codeigniter4\framework\system\Commands\Server\rewrite.php(45): require_once('G:\\Project\\webs...')
#10 {main}
CRITICAL - 2021-07-09 00:01:21 --> Expired token
#0 G:\Project\website\SIMORLIN\api\vendor\appkita\phpauth\src\Type\Token.php(43): Firebase\JWT\JWT::decode('eyJ0eXAiOiJKV1Q...', '1klso1LMWnLKLQP...', Array)
#1 G:\Project\website\SIMORLIN\api\vendor\appkita\phpauth\src\Authentication.php(37): Appkita\PHPAuth\Type\Token->decode(Object(Closure), Array)
#2 G:\Project\website\SIMORLIN\api\app\Restfull\BaseController.php(181): Appkita\PHPAuth\Authentication->auth('Token', Object(Closure), Array)
#3 G:\Project\website\SIMORLIN\api\app\Restfull\BaseController.php(300): Appkita\CI4Restfull\BaseController->cekAuthType('token')
#4 G:\Project\website\SIMORLIN\api\app\Restfull\BaseController.php(60): Appkita\CI4Restfull\BaseController->authentication(Array)
#5 G:\Project\website\SIMORLIN\api\vendor\codeigniter4\framework\system\CodeIgniter.php(901): Appkita\CI4Restfull\BaseController->initController(Object(CodeIgniter\HTTP\IncomingRequest), Object(CodeIgniter\HTTP\Response), Object(CodeIgniter\Log\Logger))
#6 G:\Project\website\SIMORLIN\api\vendor\codeigniter4\framework\system\CodeIgniter.php(426): CodeIgniter\CodeIgniter->createController()
#7 G:\Project\website\SIMORLIN\api\vendor\codeigniter4\framework\system\CodeIgniter.php(336): CodeIgniter\CodeIgniter->handleRequest(NULL, Object(Config\Cache), false)
#8 G:\Project\website\SIMORLIN\api\public\index.php(46): CodeIgniter\CodeIgniter->run()
#9 G:\Project\website\SIMORLIN\api\vendor\codeigniter4\framework\system\Commands\Server\rewrite.php(45): require_once('G:\\Project\\webs...')
#10 {main}
CRITICAL - 2021-07-09 00:01:27 --> Expired token
#0 G:\Project\website\SIMORLIN\api\vendor\appkita\phpauth\src\Type\Token.php(43): Firebase\JWT\JWT::decode('eyJ0eXAiOiJKV1Q...', '1klso1LMWnLKLQP...', Array)
#1 G:\Project\website\SIMORLIN\api\vendor\appkita\phpauth\src\Authentication.php(37): Appkita\PHPAuth\Type\Token->decode(Object(Closure), Array)
#2 G:\Project\website\SIMORLIN\api\app\Restfull\BaseController.php(181): Appkita\PHPAuth\Authentication->auth('Token', Object(Closure), Array)
#3 G:\Project\website\SIMORLIN\api\app\Restfull\BaseController.php(300): Appkita\CI4Restfull\BaseController->cekAuthType('token')
#4 G:\Project\website\SIMORLIN\api\app\Restfull\BaseController.php(60): Appkita\CI4Restfull\BaseController->authentication(Array)
#5 G:\Project\website\SIMORLIN\api\vendor\codeigniter4\framework\system\CodeIgniter.php(901): Appkita\CI4Restfull\BaseController->initController(Object(CodeIgniter\HTTP\IncomingRequest), Object(CodeIgniter\HTTP\Response), Object(CodeIgniter\Log\Logger))
#6 G:\Project\website\SIMORLIN\api\vendor\codeigniter4\framework\system\CodeIgniter.php(426): CodeIgniter\CodeIgniter->createController()
#7 G:\Project\website\SIMORLIN\api\vendor\codeigniter4\framework\system\CodeIgniter.php(336): CodeIgniter\CodeIgniter->handleRequest(NULL, Object(Config\Cache), false)
#8 G:\Project\website\SIMORLIN\api\public\index.php(46): CodeIgniter\CodeIgniter->run()
#9 G:\Project\website\SIMORLIN\api\vendor\codeigniter4\framework\system\Commands\Server\rewrite.php(45): require_once('G:\\Project\\webs...')
#10 {main}
CRITICAL - 2021-07-09 00:02:16 --> Expired token
#0 G:\Project\website\SIMORLIN\api\vendor\appkita\phpauth\src\Type\Token.php(43): Firebase\JWT\JWT::decode('eyJ0eXAiOiJKV1Q...', '1klso1LMWnLKLQP...', Array)
#1 G:\Project\website\SIMORLIN\api\vendor\appkita\phpauth\src\Authentication.php(37): Appkita\PHPAuth\Type\Token->decode(Object(Closure), Array)
#2 G:\Project\website\SIMORLIN\api\app\Restfull\BaseController.php(181): Appkita\PHPAuth\Authentication->auth('Token', Object(Closure), Array)
#3 G:\Project\website\SIMORLIN\api\app\Restfull\BaseController.php(300): Appkita\CI4Restfull\BaseController->cekAuthType('token')
#4 G:\Project\website\SIMORLIN\api\app\Restfull\BaseController.php(60): Appkita\CI4Restfull\BaseController->authentication(Array)
#5 G:\Project\website\SIMORLIN\api\vendor\codeigniter4\framework\system\CodeIgniter.php(901): Appkita\CI4Restfull\BaseController->initController(Object(CodeIgniter\HTTP\IncomingRequest), Object(CodeIgniter\HTTP\Response), Object(CodeIgniter\Log\Logger))
#6 G:\Project\website\SIMORLIN\api\vendor\codeigniter4\framework\system\CodeIgniter.php(426): CodeIgniter\CodeIgniter->createController()
#7 G:\Project\website\SIMORLIN\api\vendor\codeigniter4\framework\system\CodeIgniter.php(336): CodeIgniter\CodeIgniter->handleRequest(NULL, Object(Config\Cache), false)
#8 G:\Project\website\SIMORLIN\api\public\index.php(46): CodeIgniter\CodeIgniter->run()
#9 G:\Project\website\SIMORLIN\api\vendor\codeigniter4\framework\system\Commands\Server\rewrite.php(45): require_once('G:\\Project\\webs...')
#10 {main}
CRITICAL - 2021-07-09 00:03:16 --> Expired token
#0 G:\Project\website\SIMORLIN\api\vendor\appkita\phpauth\src\Type\Token.php(43): Firebase\JWT\JWT::decode('eyJ0eXAiOiJKV1Q...', '1klso1LMWnLKLQP...', Array)
#1 G:\Project\website\SIMORLIN\api\vendor\appkita\phpauth\src\Authentication.php(37): Appkita\PHPAuth\Type\Token->decode(Object(Closure), Array)
#2 G:\Project\website\SIMORLIN\api\app\Restfull\BaseController.php(181): Appkita\PHPAuth\Authentication->auth('Token', Object(Closure), Array)
#3 G:\Project\website\SIMORLIN\api\app\Restfull\BaseController.php(300): Appkita\CI4Restfull\BaseController->cekAuthType('token')
#4 G:\Project\website\SIMORLIN\api\app\Restfull\BaseController.php(60): Appkita\CI4Restfull\BaseController->authentication(Array)
#5 G:\Project\website\SIMORLIN\api\vendor\codeigniter4\framework\system\CodeIgniter.php(901): Appkita\CI4Restfull\BaseController->initController(Object(CodeIgniter\HTTP\IncomingRequest), Object(CodeIgniter\HTTP\Response), Object(CodeIgniter\Log\Logger))
#6 G:\Project\website\SIMORLIN\api\vendor\codeigniter4\framework\system\CodeIgniter.php(426): CodeIgniter\CodeIgniter->createController()
#7 G:\Project\website\SIMORLIN\api\vendor\codeigniter4\framework\system\CodeIgniter.php(336): CodeIgniter\CodeIgniter->handleRequest(NULL, Object(Config\Cache), false)
#8 G:\Project\website\SIMORLIN\api\public\index.php(46): CodeIgniter\CodeIgniter->run()
#9 G:\Project\website\SIMORLIN\api\vendor\codeigniter4\framework\system\Commands\Server\rewrite.php(45): require_once('G:\\Project\\webs...')
#10 {main}
CRITICAL - 2021-07-09 00:03:33 --> Expired token
#0 G:\Project\website\SIMORLIN\api\vendor\appkita\phpauth\src\Type\Token.php(43): Firebase\JWT\JWT::decode('eyJ0eXAiOiJKV1Q...', '1klso1LMWnLKLQP...', Array)
#1 G:\Project\website\SIMORLIN\api\vendor\appkita\phpauth\src\Authentication.php(37): Appkita\PHPAuth\Type\Token->decode(Object(Closure), Array)
#2 G:\Project\website\SIMORLIN\api\app\Restfull\BaseController.php(181): Appkita\PHPAuth\Authentication->auth('Token', Object(Closure), Array)
#3 G:\Project\website\SIMORLIN\api\app\Restfull\BaseController.php(300): Appkita\CI4Restfull\BaseController->cekAuthType('token')
#4 G:\Project\website\SIMORLIN\api\app\Restfull\BaseController.php(60): Appkita\CI4Restfull\BaseController->authentication(Array)
#5 G:\Project\website\SIMORLIN\api\vendor\codeigniter4\framework\system\CodeIgniter.php(901): Appkita\CI4Restfull\BaseController->initController(Object(CodeIgniter\HTTP\IncomingRequest), Object(CodeIgniter\HTTP\Response), Object(CodeIgniter\Log\Logger))
#6 G:\Project\website\SIMORLIN\api\vendor\codeigniter4\framework\system\CodeIgniter.php(426): CodeIgniter\CodeIgniter->createController()
#7 G:\Project\website\SIMORLIN\api\vendor\codeigniter4\framework\system\CodeIgniter.php(336): CodeIgniter\CodeIgniter->handleRequest(NULL, Object(Config\Cache), false)
#8 G:\Project\website\SIMORLIN\api\public\index.php(46): CodeIgniter\CodeIgniter->run()
#9 G:\Project\website\SIMORLIN\api\vendor\codeigniter4\framework\system\Commands\Server\rewrite.php(45): require_once('G:\\Project\\webs...')
#10 {main}
CRITICAL - 2021-07-09 00:03:43 --> Expired token
#0 G:\Project\website\SIMORLIN\api\vendor\appkita\phpauth\src\Type\Token.php(43): Firebase\JWT\JWT::decode('eyJ0eXAiOiJKV1Q...', '1klso1LMWnLKLQP...', Array)
#1 G:\Project\website\SIMORLIN\api\vendor\appkita\phpauth\src\Authentication.php(37): Appkita\PHPAuth\Type\Token->decode(Object(Closure), Array)
#2 G:\Project\website\SIMORLIN\api\app\Restfull\BaseController.php(181): Appkita\PHPAuth\Authentication->auth('Token', Object(Closure), Array)
#3 G:\Project\website\SIMORLIN\api\app\Restfull\BaseController.php(300): Appkita\CI4Restfull\BaseController->cekAuthType('token')
#4 G:\Project\website\SIMORLIN\api\app\Restfull\BaseController.php(60): Appkita\CI4Restfull\BaseController->authentication(Array)
#5 G:\Project\website\SIMORLIN\api\vendor\codeigniter4\framework\system\CodeIgniter.php(901): Appkita\CI4Restfull\BaseController->initController(Object(CodeIgniter\HTTP\IncomingRequest), Object(CodeIgniter\HTTP\Response), Object(CodeIgniter\Log\Logger))
#6 G:\Project\website\SIMORLIN\api\vendor\codeigniter4\framework\system\CodeIgniter.php(426): CodeIgniter\CodeIgniter->createController()
#7 G:\Project\website\SIMORLIN\api\vendor\codeigniter4\framework\system\CodeIgniter.php(336): CodeIgniter\CodeIgniter->handleRequest(NULL, Object(Config\Cache), false)
#8 G:\Project\website\SIMORLIN\api\public\index.php(46): CodeIgniter\CodeIgniter->run()
#9 G:\Project\website\SIMORLIN\api\vendor\codeigniter4\framework\system\Commands\Server\rewrite.php(45): require_once('G:\\Project\\webs...')
#10 {main}
CRITICAL - 2021-07-09 00:05:20 --> Expired token
#0 G:\Project\website\SIMORLIN\api\vendor\appkita\phpauth\src\Type\Token.php(44): Firebase\JWT\JWT::decode('eyJ0eXAiOiJKV1Q...', '1klso1LMWnLKLQP...', Array)
#1 G:\Project\website\SIMORLIN\api\vendor\appkita\phpauth\src\Authentication.php(37): Appkita\PHPAuth\Type\Token->decode(Object(Closure), Array)
#2 G:\Project\website\SIMORLIN\api\app\Restfull\BaseController.php(181): Appkita\PHPAuth\Authentication->auth('Token', Object(Closure), Array)
#3 G:\Project\website\SIMORLIN\api\app\Restfull\BaseController.php(300): Appkita\CI4Restfull\BaseController->cekAuthType('token')
#4 G:\Project\website\SIMORLIN\api\app\Restfull\BaseController.php(60): Appkita\CI4Restfull\BaseController->authentication(Array)
#5 G:\Project\website\SIMORLIN\api\vendor\codeigniter4\framework\system\CodeIgniter.php(901): Appkita\CI4Restfull\BaseController->initController(Object(CodeIgniter\HTTP\IncomingRequest), Object(CodeIgniter\HTTP\Response), Object(CodeIgniter\Log\Logger))
#6 G:\Project\website\SIMORLIN\api\vendor\codeigniter4\framework\system\CodeIgniter.php(426): CodeIgniter\CodeIgniter->createController()
#7 G:\Project\website\SIMORLIN\api\vendor\codeigniter4\framework\system\CodeIgniter.php(336): CodeIgniter\CodeIgniter->handleRequest(NULL, Object(Config\Cache), false)
#8 G:\Project\website\SIMORLIN\api\public\index.php(46): CodeIgniter\CodeIgniter->run()
#9 G:\Project\website\SIMORLIN\api\vendor\codeigniter4\framework\system\Commands\Server\rewrite.php(45): require_once('G:\\Project\\webs...')
#10 {main}
CRITICAL - 2021-07-09 00:05:26 --> Expired token
#0 G:\Project\website\SIMORLIN\api\vendor\appkita\phpauth\src\Type\Token.php(44): Firebase\JWT\JWT::decode('eyJ0eXAiOiJKV1Q...', '1klso1LMWnLKLQP...', Array)
#1 G:\Project\website\SIMORLIN\api\vendor\appkita\phpauth\src\Authentication.php(37): Appkita\PHPAuth\Type\Token->decode(Object(Closure), Array)
#2 G:\Project\website\SIMORLIN\api\app\Restfull\BaseController.php(181): Appkita\PHPAuth\Authentication->auth('Token', Object(Closure), Array)
#3 G:\Project\website\SIMORLIN\api\app\Restfull\BaseController.php(300): Appkita\CI4Restfull\BaseController->cekAuthType('token')
#4 G:\Project\website\SIMORLIN\api\app\Restfull\BaseController.php(60): Appkita\CI4Restfull\BaseController->authentication(Array)
#5 G:\Project\website\SIMORLIN\api\vendor\codeigniter4\framework\system\CodeIgniter.php(901): Appkita\CI4Restfull\BaseController->initController(Object(CodeIgniter\HTTP\IncomingRequest), Object(CodeIgniter\HTTP\Response), Object(CodeIgniter\Log\Logger))
#6 G:\Project\website\SIMORLIN\api\vendor\codeigniter4\framework\system\CodeIgniter.php(426): CodeIgniter\CodeIgniter->createController()
#7 G:\Project\website\SIMORLIN\api\vendor\codeigniter4\framework\system\CodeIgniter.php(336): CodeIgniter\CodeIgniter->handleRequest(NULL, Object(Config\Cache), false)
#8 G:\Project\website\SIMORLIN\api\public\index.php(46): CodeIgniter\CodeIgniter->run()
#9 G:\Project\website\SIMORLIN\api\vendor\codeigniter4\framework\system\Commands\Server\rewrite.php(45): require_once('G:\\Project\\webs...')
#10 {main}
CRITICAL - 2021-07-09 00:06:38 --> Expired token
#0 G:\Project\website\SIMORLIN\api\vendor\appkita\phpauth\src\Type\Token.php(44): Firebase\JWT\JWT::decode('eyJ0eXAiOiJKV1Q...', '1klso1LMWnLKLQP...', Array)
#1 G:\Project\website\SIMORLIN\api\vendor\appkita\phpauth\src\Authentication.php(37): Appkita\PHPAuth\Type\Token->decode(Object(Closure), Array)
#2 G:\Project\website\SIMORLIN\api\app\Restfull\BaseController.php(181): Appkita\PHPAuth\Authentication->auth('Token', Object(Closure), Array)
#3 G:\Project\website\SIMORLIN\api\app\Restfull\BaseController.php(300): Appkita\CI4Restfull\BaseController->cekAuthType('token')
#4 G:\Project\website\SIMORLIN\api\app\Restfull\BaseController.php(60): Appkita\CI4Restfull\BaseController->authentication(Array)
#5 G:\Project\website\SIMORLIN\api\vendor\codeigniter4\framework\system\CodeIgniter.php(901): Appkita\CI4Restfull\BaseController->initController(Object(CodeIgniter\HTTP\IncomingRequest), Object(CodeIgniter\HTTP\Response), Object(CodeIgniter\Log\Logger))
#6 G:\Project\website\SIMORLIN\api\vendor\codeigniter4\framework\system\CodeIgniter.php(426): CodeIgniter\CodeIgniter->createController()
#7 G:\Project\website\SIMORLIN\api\vendor\codeigniter4\framework\system\CodeIgniter.php(336): CodeIgniter\CodeIgniter->handleRequest(NULL, Object(Config\Cache), false)
#8 G:\Project\website\SIMORLIN\api\public\index.php(46): CodeIgniter\CodeIgniter->run()
#9 G:\Project\website\SIMORLIN\api\vendor\codeigniter4\framework\system\Commands\Server\rewrite.php(45): require_once('G:\\Project\\webs...')
#10 {main}
