CRITICAL - 2021-07-04 08:16:10 --> Class not found or Undefined index: path
#0 Z:\private\simarlin\api\app\Restfull\BaseController.php(220): Appkita\PHPAuth\Authentication->Appkita\PHPAuth\{closure}(8, 'Undefined index...', 'Z:\\private\\sima...', 220, Array)
#1 Z:\private\simarlin\api\app\Restfull\BaseController.php(297): Appkita\CI4Restfull\BaseController->cekAuthType('basic')
#2 Z:\private\simarlin\api\app\Restfull\BaseController.php(60): Appkita\CI4Restfull\BaseController->authentication(Array)
#3 Z:\private\simarlin\api\vendor\codeigniter4\framework\system\CodeIgniter.php(901): Appkita\CI4Restfull\BaseController->initController(Object(CodeIgniter\HTTP\IncomingRequest), Object(CodeIgniter\HTTP\Response), Object(CodeIgniter\Log\Logger))
#4 Z:\private\simarlin\api\vendor\codeigniter4\framework\system\CodeIgniter.php(426): CodeIgniter\CodeIgniter->createController()
#5 Z:\private\simarlin\api\vendor\codeigniter4\framework\system\CodeIgniter.php(336): CodeIgniter\CodeIgniter->handleRequest(NULL, Object(Config\Cache), false)
#6 Z:\private\simarlin\api\public\index.php(46): CodeIgniter\CodeIgniter->run()
#7 Z:\private\simarlin\api\vendor\codeigniter4\framework\system\Commands\Server\rewrite.php(45): require_once('Z:\\private\\sima...')
#8 {main}
CRITICAL - 2021-07-04 08:16:17 --> Class not found or Undefined index: path
#0 Z:\private\simarlin\api\app\Restfull\BaseController.php(220): Appkita\PHPAuth\Authentication->Appkita\PHPAuth\{closure}(8, 'Undefined index...', 'Z:\\private\\sima...', 220, Array)
#1 Z:\private\simarlin\api\app\Restfull\BaseController.php(297): Appkita\CI4Restfull\BaseController->cekAuthType('basic')
#2 Z:\private\simarlin\api\app\Restfull\BaseController.php(60): Appkita\CI4Restfull\BaseController->authentication(Array)
#3 Z:\private\simarlin\api\vendor\codeigniter4\framework\system\CodeIgniter.php(901): Appkita\CI4Restfull\BaseController->initController(Object(CodeIgniter\HTTP\IncomingRequest), Object(CodeIgniter\HTTP\Response), Object(CodeIgniter\Log\Logger))
#4 Z:\private\simarlin\api\vendor\codeigniter4\framework\system\CodeIgniter.php(426): CodeIgniter\CodeIgniter->createController()
#5 Z:\private\simarlin\api\vendor\codeigniter4\framework\system\CodeIgniter.php(336): CodeIgniter\CodeIgniter->handleRequest(NULL, Object(Config\Cache), false)
#6 Z:\private\simarlin\api\public\index.php(46): CodeIgniter\CodeIgniter->run()
#7 Z:\private\simarlin\api\vendor\codeigniter4\framework\system\Commands\Server\rewrite.php(45): require_once('Z:\\private\\sima...')
#8 {main}
